[ 2015-10-30T11:56:59+08:00 ] ::1 /Ent/index.php/User/login
INFO: [ app_init ] --START--
INFO: Run Behavior\BuildLiteBehavior [ RunTime:0.000012s ]
INFO: [ app_init ] --END-- [ RunTime:0.000400s ]
INFO: [ app_begin ] --START--
INFO: Run Behavior\ReadHtmlCacheBehavior [ RunTime:0.000579s ]
INFO: [ app_begin ] --END-- [ RunTime:0.000621s ]
INFO: [ view_parse ] --START--
INFO: [ template_filter ] --START--
INFO: Run Behavior\ContentReplaceBehavior [ RunTime:0.000055s ]
INFO: [ template_filter ] --END-- [ RunTime:0.000101s ]
INFO: Run Behavior\ParseTemplateBehavior [ RunTime:0.013058s ]
INFO: [ view_parse ] --END-- [ RunTime:0.013098s ]
INFO: [ view_filter ] --START--
INFO: Run Behavior\WriteHtmlCacheBehavior [ RunTime:0.000438s ]
INFO: [ view_filter ] --END-- [ RunTime:0.000470s ]
INFO: [ app_end ] --START--
INFO: Run Behavior\ShowPageTraceBehavior [ RunTime:0.000623s ]
INFO: [ app_end ] --END-- [ RunTime:0.000656s ]

[ 2015-10-30T11:56:59+08:00 ] ::1 /Ent/index.php/User/verify
INFO: [ app_init ] --START--
INFO: Run Behavior\BuildLiteBehavior [ RunTime:0.000013s ]
INFO: [ app_init ] --END-- [ RunTime:0.000424s ]
INFO: [ app_begin ] --START--
INFO: Run Behavior\ReadHtmlCacheBehavior [ RunTime:0.000637s ]
INFO: [ app_begin ] --END-- [ RunTime:0.000683s ]
INFO: [ app_end ] --START--
INFO: Run Behavior\ShowPageTraceBehavior [ RunTime:0.000677s ]
INFO: [ app_end ] --END-- [ RunTime:0.000723s ]

[ 2015-10-30T11:57:25+08:00 ] ::1 /Ent/index.php/User/login
INFO: [ app_init ] --START--
INFO: Run Behavior\BuildLiteBehavior [ RunTime:0.000013s ]
INFO: [ app_init ] --END-- [ RunTime:0.000400s ]
INFO: [ app_begin ] --START--
INFO: Run Behavior\ReadHtmlCacheBehavior [ RunTime:0.000571s ]
INFO: [ app_begin ] --END-- [ RunTime:0.000610s ]
SQL: SHOW COLUMNS FROM `ent_user` [ RunTime:0.0065s ]
SQL: SELECT * FROM `ent_user` WHERE `username` = 'admin' AND `status` = 1 LIMIT 1   [ RunTime:0.0006s ]

[ 2015-10-30T11:57:26+08:00 ] ::1 /Ent/index.php/Index/index
INFO: [ app_init ] --START--
INFO: Run Behavior\BuildLiteBehavior [ RunTime:0.000013s ]
INFO: [ app_init ] --END-- [ RunTime:0.000426s ]
INFO: [ app_begin ] --START--
INFO: Run Behavior\ReadHtmlCacheBehavior [ RunTime:0.000626s ]
INFO: [ app_begin ] --END-- [ RunTime:0.000669s ]
NOTIC: [8] Undefined index: fullname D:\WWW\Ent\Application\Admin\Controller\IndexController.class.php 第 11 行.
SQL: SHOW COLUMNS FROM `ent_user` [ RunTime:0.0065s ]
NOTIC: [8] Undefined index: r D:\WWW\Ent\Application\Admin\Controller\IndexController.class.php 第 21 行.
SQL: SELECT * FROM `ent_user` WHERE `status` = 1  [ RunTime:0.0006s ]
SQL: SHOW COLUMNS FROM `ent_notice` [ RunTime:0.0066s ]
NOTIC: [2] Missing argument 1 for Think\Model::where(), called in D:\WWW\Ent\Application\Admin\Controller\IndexController.class.php on line 61 and defined D:\WWW\Ent\ThinkPHP\Library\Think\Model.class.php 第 1799 行.
NOTIC: [8] Undefined variable: where D:\WWW\Ent\ThinkPHP\Library\Think\Model.class.php 第 1807 行.
NOTIC: [8] Undefined variable: where D:\WWW\Ent\ThinkPHP\Library\Think\Model.class.php 第 1810 行.
NOTIC: [8] Undefined variable: where D:\WWW\Ent\ThinkPHP\Library\Think\Model.class.php 第 1818 行.
SQL: SELECT COUNT(*) AS tp_count FROM `ent_notice` LEFT JOIN ent_user u ON uid = u.id  LIMIT 1   [ RunTime:0.0006s ]
NOTIC: [2] Missing argument 1 for Think\Model::where(), called in D:\WWW\Ent\Application\Admin\Controller\IndexController.class.php on line 65 and defined D:\WWW\Ent\ThinkPHP\Library\Think\Model.class.php 第 1799 行.
NOTIC: [8] Undefined variable: where D:\WWW\Ent\ThinkPHP\Library\Think\Model.class.php 第 1807 行.
NOTIC: [8] Undefined variable: where D:\WWW\Ent\ThinkPHP\Library\Think\Model.class.php 第 1810 行.
NOTIC: [8] Undefined variable: where D:\WWW\Ent\ThinkPHP\Library\Think\Model.class.php 第 1818 行.
SQL: SELECT distinct u.fullname,u.role_id,`title`,ent_notice.id,`uid` FROM `ent_notice` LEFT JOIN ent_user u ON uid = u.id  LIMIT 0,2   [ RunTime:0.0007s ]
INFO: [ view_parse ] --START--
INFO: [ template_filter ] --START--
INFO: Run Behavior\ContentReplaceBehavior [ RunTime:0.000128s ]
INFO: [ template_filter ] --END-- [ RunTime:0.000222s ]
NOTIC: [8] Use of undefined constant uid - assumed 'uid' D:\WWW\Ent\Application\Runtime\Cache\Admin\b595b808c2ebeeeb0478ffc30bb4e87a.php 第 56 行.
NOTIC: [8] Undefined index: fullname D:\WWW\Ent\Application\Runtime\Cache\Admin\b595b808c2ebeeeb0478ffc30bb4e87a.php 第 65 行.
NOTIC: [8] Use of undefined constant uid - assumed 'uid' D:\WWW\Ent\Application\Runtime\Cache\Admin\b595b808c2ebeeeb0478ffc30bb4e87a.php 第 80 行.
NOTIC: [8] Use of undefined constant uid - assumed 'uid' D:\WWW\Ent\Application\Runtime\Cache\Admin\b595b808c2ebeeeb0478ffc30bb4e87a.php 第 93 行.
NOTIC: [8] Use of undefined constant uid - assumed 'uid' D:\WWW\Ent\Application\Runtime\Cache\Admin\b595b808c2ebeeeb0478ffc30bb4e87a.php 第 93 行.
NOTIC: [8] Use of undefined constant uid - assumed 'uid' D:\WWW\Ent\Application\Runtime\Cache\Admin\b595b808c2ebeeeb0478ffc30bb4e87a.php 第 93 行.
NOTIC: [8] Use of undefined constant uid - assumed 'uid' D:\WWW\Ent\Application\Runtime\Cache\Admin\b595b808c2ebeeeb0478ffc30bb4e87a.php 第 93 行.
NOTIC: [8] Use of undefined constant uid - assumed 'uid' D:\WWW\Ent\Application\Runtime\Cache\Admin\b595b808c2ebeeeb0478ffc30bb4e87a.php 第 93 行.
NOTIC: [8] Use of undefined constant uid - assumed 'uid' D:\WWW\Ent\Application\Runtime\Cache\Admin\b595b808c2ebeeeb0478ffc30bb4e87a.php 第 93 行.
NOTIC: [8] Use of undefined constant uid - assumed 'uid' D:\WWW\Ent\Application\Runtime\Cache\Admin\b595b808c2ebeeeb0478ffc30bb4e87a.php 第 93 行.
NOTIC: [8] Use of undefined constant uid - assumed 'uid' D:\WWW\Ent\Application\Runtime\Cache\Admin\b595b808c2ebeeeb0478ffc30bb4e87a.php 第 93 行.
NOTIC: [8] Use of undefined constant uid - assumed 'uid' D:\WWW\Ent\Application\Runtime\Cache\Admin\b595b808c2ebeeeb0478ffc30bb4e87a.php 第 93 行.
INFO: Run Behavior\ParseTemplateBehavior [ RunTime:0.016853s ]
INFO: [ view_parse ] --END-- [ RunTime:0.016928s ]
INFO: [ view_filter ] --START--
INFO: Run Behavior\WriteHtmlCacheBehavior [ RunTime:0.000499s ]
INFO: [ view_filter ] --END-- [ RunTime:0.000533s ]
INFO: [ app_end ] --START--
INFO: Run Behavior\ShowPageTraceBehavior [ RunTime:0.000741s ]
INFO: [ app_end ] --END-- [ RunTime:0.000783s ]

[ 2015-10-30T12:30:39+08:00 ] ::1 /Ent/index.php/Index/index/r/1
INFO: [ app_init ] --START--
INFO: Run Behavior\BuildLiteBehavior [ RunTime:0.000015s ]
INFO: [ app_init ] --END-- [ RunTime:0.000448s ]
INFO: [ app_begin ] --START--
INFO: Run Behavior\ReadHtmlCacheBehavior [ RunTime:0.000639s ]
INFO: [ app_begin ] --END-- [ RunTime:0.000689s ]
NOTIC: [8] Undefined index: fullname D:\WWW\Ent\Application\Admin\Controller\IndexController.class.php 第 11 行.
SQL: SHOW COLUMNS FROM `ent_user` [ RunTime:0.0080s ]
SQL: SELECT * FROM `ent_user` WHERE `status` = 1 AND `role_id` = 1  [ RunTime:0.0006s ]
SQL: SHOW COLUMNS FROM `ent_notice` [ RunTime:0.0073s ]
NOTIC: [2] Missing argument 1 for Think\Model::where(), called in D:\WWW\Ent\Application\Admin\Controller\IndexController.class.php on line 61 and defined D:\WWW\Ent\ThinkPHP\Library\Think\Model.class.php 第 1799 行.
NOTIC: [8] Undefined variable: where D:\WWW\Ent\ThinkPHP\Library\Think\Model.class.php 第 1807 行.
NOTIC: [8] Undefined variable: where D:\WWW\Ent\ThinkPHP\Library\Think\Model.class.php 第 1810 行.
NOTIC: [8] Undefined variable: where D:\WWW\Ent\ThinkPHP\Library\Think\Model.class.php 第 1818 行.
SQL: SELECT COUNT(*) AS tp_count FROM `ent_notice` LEFT JOIN ent_user u ON uid = u.id  LIMIT 1   [ RunTime:0.0005s ]
NOTIC: [2] Missing argument 1 for Think\Model::where(), called in D:\WWW\Ent\Application\Admin\Controller\IndexController.class.php on line 65 and defined D:\WWW\Ent\ThinkPHP\Library\Think\Model.class.php 第 1799 行.
NOTIC: [8] Undefined variable: where D:\WWW\Ent\ThinkPHP\Library\Think\Model.class.php 第 1807 行.
NOTIC: [8] Undefined variable: where D:\WWW\Ent\ThinkPHP\Library\Think\Model.class.php 第 1810 行.
NOTIC: [8] Undefined variable: where D:\WWW\Ent\ThinkPHP\Library\Think\Model.class.php 第 1818 行.
SQL: SELECT distinct u.fullname,u.role_id,`title`,ent_notice.id,`uid` FROM `ent_notice` LEFT JOIN ent_user u ON uid = u.id  LIMIT 0,2   [ RunTime:0.0006s ]
INFO: [ view_parse ] --START--
INFO: [ template_filter ] --START--
INFO: Run Behavior\ContentReplaceBehavior [ RunTime:0.000210s ]
INFO: [ template_filter ] --END-- [ RunTime:0.000296s ]
NOTIC: [8] Use of undefined constant uid - assumed 'uid' D:\WWW\Ent\Application\Runtime\Cache\Admin\b595b808c2ebeeeb0478ffc30bb4e87a.php 第 56 行.
NOTIC: [8] Undefined index: fullname D:\WWW\Ent\Application\Runtime\Cache\Admin\b595b808c2ebeeeb0478ffc30bb4e87a.php 第 65 行.
NOTIC: [8] Use of undefined constant uid - assumed 'uid' D:\WWW\Ent\Application\Runtime\Cache\Admin\b595b808c2ebeeeb0478ffc30bb4e87a.php 第 80 行.
NOTIC: [8] Use of undefined constant uid - assumed 'uid' D:\WWW\Ent\Application\Runtime\Cache\Admin\b595b808c2ebeeeb0478ffc30bb4e87a.php 第 93 行.
NOTIC: [8] Use of undefined constant uid - assumed 'uid' D:\WWW\Ent\Application\Runtime\Cache\Admin\b595b808c2ebeeeb0478ffc30bb4e87a.php 第 93 行.
INFO: Run Behavior\ParseTemplateBehavior [ RunTime:0.029429s ]
INFO: [ view_parse ] --END-- [ RunTime:0.029500s ]
INFO: [ view_filter ] --START--
INFO: Run Behavior\WriteHtmlCacheBehavior [ RunTime:0.000418s ]
INFO: [ view_filter ] --END-- [ RunTime:0.000456s ]
INFO: [ app_end ] --START--
INFO: Run Behavior\ShowPageTraceBehavior [ RunTime:0.000584s ]
INFO: [ app_end ] --END-- [ RunTime:0.000621s ]

[ 2015-10-30T12:30:43+08:00 ] ::1 /Ent/index.php/Index/index/r/2
INFO: [ app_init ] --START--
INFO: Run Behavior\BuildLiteBehavior [ RunTime:0.000014s ]
INFO: [ app_init ] --END-- [ RunTime:0.000394s ]
INFO: [ app_begin ] --START--
INFO: Run Behavior\ReadHtmlCacheBehavior [ RunTime:0.000463s ]
INFO: [ app_begin ] --END-- [ RunTime:0.000503s ]
NOTIC: [8] Undefined index: fullname D:\WWW\Ent\Application\Admin\Controller\IndexController.class.php 第 11 行.
SQL: SHOW COLUMNS FROM `ent_user` [ RunTime:0.0068s ]
SQL: SELECT * FROM `ent_user` WHERE `status` = 1 AND `role_id` = 2  [ RunTime:0.0005s ]
SQL: SHOW COLUMNS FROM `ent_notice` [ RunTime:0.0057s ]
NOTIC: [2] Missing argument 1 for Think\Model::where(), called in D:\WWW\Ent\Application\Admin\Controller\IndexController.class.php on line 61 and defined D:\WWW\Ent\ThinkPHP\Library\Think\Model.class.php 第 1799 行.
NOTIC: [8] Undefined variable: where D:\WWW\Ent\ThinkPHP\Library\Think\Model.class.php 第 1807 行.
NOTIC: [8] Undefined variable: where D:\WWW\Ent\ThinkPHP\Library\Think\Model.class.php 第 1810 行.
NOTIC: [8] Undefined variable: where D:\WWW\Ent\ThinkPHP\Library\Think\Model.class.php 第 1818 行.
SQL: SELECT COUNT(*) AS tp_count FROM `ent_notice` LEFT JOIN ent_user u ON uid = u.id  LIMIT 1   [ RunTime:0.0005s ]
NOTIC: [2] Missing argument 1 for Think\Model::where(), called in D:\WWW\Ent\Application\Admin\Controller\IndexController.class.php on line 65 and defined D:\WWW\Ent\ThinkPHP\Library\Think\Model.class.php 第 1799 行.
NOTIC: [8] Undefined variable: where D:\WWW\Ent\ThinkPHP\Library\Think\Model.class.php 第 1807 行.
NOTIC: [8] Undefined variable: where D:\WWW\Ent\ThinkPHP\Library\Think\Model.class.php 第 1810 行.
NOTIC: [8] Undefined variable: where D:\WWW\Ent\ThinkPHP\Library\Think\Model.class.php 第 1818 行.
SQL: SELECT distinct u.fullname,u.role_id,`title`,ent_notice.id,`uid` FROM `ent_notice` LEFT JOIN ent_user u ON uid = u.id  LIMIT 0,2   [ RunTime:0.0007s ]
INFO: [ view_parse ] --START--
INFO: [ template_filter ] --START--
INFO: Run Behavior\ContentReplaceBehavior [ RunTime:0.000133s ]
INFO: [ template_filter ] --END-- [ RunTime:0.000220s ]
NOTIC: [8] Use of undefined constant uid - assumed 'uid' D:\WWW\Ent\Application\Runtime\Cache\Admin\b595b808c2ebeeeb0478ffc30bb4e87a.php 第 56 行.
NOTIC: [8] Undefined index: fullname D:\WWW\Ent\Application\Runtime\Cache\Admin\b595b808c2ebeeeb0478ffc30bb4e87a.php 第 65 行.
NOTIC: [8] Use of undefined constant uid - assumed 'uid' D:\WWW\Ent\Application\Runtime\Cache\Admin\b595b808c2ebeeeb0478ffc30bb4e87a.php 第 80 行.
NOTIC: [8] Use of undefined constant uid - assumed 'uid' D:\WWW\Ent\Application\Runtime\Cache\Admin\b595b808c2ebeeeb0478ffc30bb4e87a.php 第 93 行.
NOTIC: [8] Use of undefined constant uid - assumed 'uid' D:\WWW\Ent\Application\Runtime\Cache\Admin\b595b808c2ebeeeb0478ffc30bb4e87a.php 第 93 行.
NOTIC: [8] Use of undefined constant uid - assumed 'uid' D:\WWW\Ent\Application\Runtime\Cache\Admin\b595b808c2ebeeeb0478ffc30bb4e87a.php 第 93 行.
INFO: Run Behavior\ParseTemplateBehavior [ RunTime:0.014061s ]
INFO: [ view_parse ] --END-- [ RunTime:0.014155s ]
INFO: [ view_filter ] --START--
INFO: Run Behavior\WriteHtmlCacheBehavior [ RunTime:0.000629s ]
INFO: [ view_filter ] --END-- [ RunTime:0.000703s ]
INFO: [ app_end ] --START--
INFO: Run Behavior\ShowPageTraceBehavior [ RunTime:0.001064s ]
INFO: [ app_end ] --END-- [ RunTime:0.001142s ]

[ 2015-10-30T12:30:45+08:00 ] ::1 /Ent/index.php/Index/index/r/3
INFO: [ app_init ] --START--
INFO: Run Behavior\BuildLiteBehavior [ RunTime:0.000013s ]
INFO: [ app_init ] --END-- [ RunTime:0.000356s ]
INFO: [ app_begin ] --START--
INFO: Run Behavior\ReadHtmlCacheBehavior [ RunTime:0.000442s ]
INFO: [ app_begin ] --END-- [ RunTime:0.000482s ]
NOTIC: [8] Undefined index: fullname D:\WWW\Ent\Application\Admin\Controller\IndexController.class.php 第 11 行.
SQL: SHOW COLUMNS FROM `ent_user` [ RunTime:0.0063s ]
SQL: SELECT * FROM `ent_user` WHERE `status` = 1 AND `role_id` = 3  [ RunTime:0.0005s ]
SQL: SHOW COLUMNS FROM `ent_notice` [ RunTime:0.0057s ]
NOTIC: [2] Missing argument 1 for Think\Model::where(), called in D:\WWW\Ent\Application\Admin\Controller\IndexController.class.php on line 61 and defined D:\WWW\Ent\ThinkPHP\Library\Think\Model.class.php 第 1799 行.
NOTIC: [8] Undefined variable: where D:\WWW\Ent\ThinkPHP\Library\Think\Model.class.php 第 1807 行.
NOTIC: [8] Undefined variable: where D:\WWW\Ent\ThinkPHP\Library\Think\Model.class.php 第 1810 行.
NOTIC: [8] Undefined variable: where D:\WWW\Ent\ThinkPHP\Library\Think\Model.class.php 第 1818 行.
SQL: SELECT COUNT(*) AS tp_count FROM `ent_notice` LEFT JOIN ent_user u ON uid = u.id  LIMIT 1   [ RunTime:0.0005s ]
NOTIC: [2] Missing argument 1 for Think\Model::where(), called in D:\WWW\Ent\Application\Admin\Controller\IndexController.class.php on line 65 and defined D:\WWW\Ent\ThinkPHP\Library\Think\Model.class.php 第 1799 行.
NOTIC: [8] Undefined variable: where D:\WWW\Ent\ThinkPHP\Library\Think\Model.class.php 第 1807 行.
NOTIC: [8] Undefined variable: where D:\WWW\Ent\ThinkPHP\Library\Think\Model.class.php 第 1810 行.
NOTIC: [8] Undefined variable: where D:\WWW\Ent\ThinkPHP\Library\Think\Model.class.php 第 1818 行.
SQL: SELECT distinct u.fullname,u.role_id,`title`,ent_notice.id,`uid` FROM `ent_notice` LEFT JOIN ent_user u ON uid = u.id  LIMIT 0,2   [ RunTime:0.0008s ]
INFO: [ view_parse ] --START--
INFO: [ template_filter ] --START--
INFO: Run Behavior\ContentReplaceBehavior [ RunTime:0.000145s ]
INFO: [ template_filter ] --END-- [ RunTime:0.000228s ]
NOTIC: [8] Use of undefined constant uid - assumed 'uid' D:\WWW\Ent\Application\Runtime\Cache\Admin\b595b808c2ebeeeb0478ffc30bb4e87a.php 第 56 行.
NOTIC: [8] Undefined index: fullname D:\WWW\Ent\Application\Runtime\Cache\Admin\b595b808c2ebeeeb0478ffc30bb4e87a.php 第 65 行.
NOTIC: [8] Use of undefined constant uid - assumed 'uid' D:\WWW\Ent\Application\Runtime\Cache\Admin\b595b808c2ebeeeb0478ffc30bb4e87a.php 第 80 行.
NOTIC: [8] Use of undefined constant uid - assumed 'uid' D:\WWW\Ent\Application\Runtime\Cache\Admin\b595b808c2ebeeeb0478ffc30bb4e87a.php 第 93 行.
INFO: Run Behavior\ParseTemplateBehavior [ RunTime:0.015009s ]
INFO: [ view_parse ] --END-- [ RunTime:0.015099s ]
INFO: [ view_filter ] --START--
INFO: Run Behavior\WriteHtmlCacheBehavior [ RunTime:0.000539s ]
INFO: [ view_filter ] --END-- [ RunTime:0.000601s ]
INFO: [ app_end ] --START--
INFO: Run Behavior\ShowPageTraceBehavior [ RunTime:0.001130s ]
INFO: [ app_end ] --END-- [ RunTime:0.001204s ]

[ 2015-10-30T12:30:48+08:00 ] ::1 /Ent/index.php/Index/index/r/4
INFO: [ app_init ] --START--
INFO: Run Behavior\BuildLiteBehavior [ RunTime:0.000013s ]
INFO: [ app_init ] --END-- [ RunTime:0.000353s ]
INFO: [ app_begin ] --START--
INFO: Run Behavior\ReadHtmlCacheBehavior [ RunTime:0.000451s ]
INFO: [ app_begin ] --END-- [ RunTime:0.000492s ]
NOTIC: [8] Undefined index: fullname D:\WWW\Ent\Application\Admin\Controller\IndexController.class.php 第 11 行.
SQL: SHOW COLUMNS FROM `ent_user` [ RunTime:0.0064s ]
SQL: SELECT * FROM `ent_user` WHERE `status` = 1 AND `role_id` = 4  [ RunTime:0.0005s ]
SQL: SHOW COLUMNS FROM `ent_notice` [ RunTime:0.0058s ]
NOTIC: [2] Missing argument 1 for Think\Model::where(), called in D:\WWW\Ent\Application\Admin\Controller\IndexController.class.php on line 61 and defined D:\WWW\Ent\ThinkPHP\Library\Think\Model.class.php 第 1799 行.
NOTIC: [8] Undefined variable: where D:\WWW\Ent\ThinkPHP\Library\Think\Model.class.php 第 1807 行.
NOTIC: [8] Undefined variable: where D:\WWW\Ent\ThinkPHP\Library\Think\Model.class.php 第 1810 行.
NOTIC: [8] Undefined variable: where D:\WWW\Ent\ThinkPHP\Library\Think\Model.class.php 第 1818 行.
SQL: SELECT COUNT(*) AS tp_count FROM `ent_notice` LEFT JOIN ent_user u ON uid = u.id  LIMIT 1   [ RunTime:0.0006s ]
NOTIC: [2] Missing argument 1 for Think\Model::where(), called in D:\WWW\Ent\Application\Admin\Controller\IndexController.class.php on line 65 and defined D:\WWW\Ent\ThinkPHP\Library\Think\Model.class.php 第 1799 行.
NOTIC: [8] Undefined variable: where D:\WWW\Ent\ThinkPHP\Library\Think\Model.class.php 第 1807 行.
NOTIC: [8] Undefined variable: where D:\WWW\Ent\ThinkPHP\Library\Think\Model.class.php 第 1810 行.
NOTIC: [8] Undefined variable: where D:\WWW\Ent\ThinkPHP\Library\Think\Model.class.php 第 1818 行.
SQL: SELECT distinct u.fullname,u.role_id,`title`,ent_notice.id,`uid` FROM `ent_notice` LEFT JOIN ent_user u ON uid = u.id  LIMIT 0,2   [ RunTime:0.0007s ]
INFO: [ view_parse ] --START--
INFO: [ template_filter ] --START--
INFO: Run Behavior\ContentReplaceBehavior [ RunTime:0.000127s ]
INFO: [ template_filter ] --END-- [ RunTime:0.000201s ]
NOTIC: [8] Use of undefined constant uid - assumed 'uid' D:\WWW\Ent\Application\Runtime\Cache\Admin\b595b808c2ebeeeb0478ffc30bb4e87a.php 第 56 行.
NOTIC: [8] Undefined index: fullname D:\WWW\Ent\Application\Runtime\Cache\Admin\b595b808c2ebeeeb0478ffc30bb4e87a.php 第 65 行.
NOTIC: [8] Use of undefined constant uid - assumed 'uid' D:\WWW\Ent\Application\Runtime\Cache\Admin\b595b808c2ebeeeb0478ffc30bb4e87a.php 第 80 行.
NOTIC: [8] Use of undefined constant uid - assumed 'uid' D:\WWW\Ent\Application\Runtime\Cache\Admin\b595b808c2ebeeeb0478ffc30bb4e87a.php 第 93 行.
INFO: Run Behavior\ParseTemplateBehavior [ RunTime:0.013184s ]
INFO: [ view_parse ] --END-- [ RunTime:0.013280s ]
INFO: [ view_filter ] --START--
INFO: Run Behavior\WriteHtmlCacheBehavior [ RunTime:0.000493s ]
INFO: [ view_filter ] --END-- [ RunTime:0.000556s ]
INFO: [ app_end ] --START--
INFO: Run Behavior\ShowPageTraceBehavior [ RunTime:0.000920s ]
INFO: [ app_end ] --END-- [ RunTime:0.000983s ]

[ 2015-10-30T12:30:53+08:00 ] ::1 /Ent/index.php/Notice/noticeLook/id/1
INFO: [ app_init ] --START--
INFO: Run Behavior\BuildLiteBehavior [ RunTime:0.000013s ]
INFO: [ app_init ] --END-- [ RunTime:0.000355s ]
INFO: [ app_begin ] --START--
INFO: Run Behavior\ReadHtmlCacheBehavior [ RunTime:0.000440s ]
INFO: [ app_begin ] --END-- [ RunTime:0.000479s ]
SQL: SHOW COLUMNS FROM `ent_notice` [ RunTime:0.0063s ]
SQL: SELECT * FROM `ent_notice` WHERE `id` = 1 LIMIT 1   [ RunTime:0.0006s ]
INFO: [ view_parse ] --START--
INFO: [ template_filter ] --START--
INFO: Run Behavior\ContentReplaceBehavior [ RunTime:0.000113s ]
INFO: [ template_filter ] --END-- [ RunTime:0.000202s ]
SQL: SHOW COLUMNS FROM `ent_user` [ RunTime:0.0063s ]
SQL: SELECT `fullname` FROM `ent_user` WHERE ( id=6 ) LIMIT 1   [ RunTime:0.0004s ]
INFO: Run Behavior\ParseTemplateBehavior [ RunTime:0.019898s ]
INFO: [ view_parse ] --END-- [ RunTime:0.019975s ]
INFO: [ view_filter ] --START--
INFO: Run Behavior\WriteHtmlCacheBehavior [ RunTime:0.000569s ]
INFO: [ view_filter ] --END-- [ RunTime:0.000663s ]
INFO: [ app_end ] --START--
INFO: Run Behavior\ShowPageTraceBehavior [ RunTime:0.001054s ]
INFO: [ app_end ] --END-- [ RunTime:0.001145s ]

[ 2015-10-30T12:31:05+08:00 ] ::1 /Ent/index.php/Index/index
INFO: [ app_init ] --START--
INFO: Run Behavior\BuildLiteBehavior [ RunTime:0.000012s ]
INFO: [ app_init ] --END-- [ RunTime:0.000350s ]
INFO: [ app_begin ] --START--
INFO: Run Behavior\ReadHtmlCacheBehavior [ RunTime:0.000455s ]
INFO: [ app_begin ] --END-- [ RunTime:0.000495s ]
NOTIC: [8] Undefined index: fullname D:\WWW\Ent\Application\Admin\Controller\IndexController.class.php 第 11 行.
SQL: SHOW COLUMNS FROM `ent_user` [ RunTime:0.0066s ]
NOTIC: [8] Undefined index: r D:\WWW\Ent\Application\Admin\Controller\IndexController.class.php 第 21 行.
SQL: SELECT * FROM `ent_user` WHERE `status` = 1  [ RunTime:0.0006s ]
SQL: SHOW COLUMNS FROM `ent_notice` [ RunTime:0.0061s ]
NOTIC: [2] Missing argument 1 for Think\Model::where(), called in D:\WWW\Ent\Application\Admin\Controller\IndexController.class.php on line 61 and defined D:\WWW\Ent\ThinkPHP\Library\Think\Model.class.php 第 1799 行.
NOTIC: [8] Undefined variable: where D:\WWW\Ent\ThinkPHP\Library\Think\Model.class.php 第 1807 行.
NOTIC: [8] Undefined variable: where D:\WWW\Ent\ThinkPHP\Library\Think\Model.class.php 第 1810 行.
NOTIC: [8] Undefined variable: where D:\WWW\Ent\ThinkPHP\Library\Think\Model.class.php 第 1818 行.
SQL: SELECT COUNT(*) AS tp_count FROM `ent_notice` LEFT JOIN ent_user u ON uid = u.id  LIMIT 1   [ RunTime:0.0005s ]
NOTIC: [2] Missing argument 1 for Think\Model::where(), called in D:\WWW\Ent\Application\Admin\Controller\IndexController.class.php on line 65 and defined D:\WWW\Ent\ThinkPHP\Library\Think\Model.class.php 第 1799 行.
NOTIC: [8] Undefined variable: where D:\WWW\Ent\ThinkPHP\Library\Think\Model.class.php 第 1807 行.
NOTIC: [8] Undefined variable: where D:\WWW\Ent\ThinkPHP\Library\Think\Model.class.php 第 1810 行.
NOTIC: [8] Undefined variable: where D:\WWW\Ent\ThinkPHP\Library\Think\Model.class.php 第 1818 行.
SQL: SELECT distinct u.fullname,u.role_id,`title`,ent_notice.id,`uid` FROM `ent_notice` LEFT JOIN ent_user u ON uid = u.id  LIMIT 0,2   [ RunTime:0.0007s ]
INFO: [ view_parse ] --START--
INFO: [ template_filter ] --START--
INFO: Run Behavior\ContentReplaceBehavior [ RunTime:0.000064s ]
INFO: [ template_filter ] --END-- [ RunTime:0.000100s ]
NOTIC: [8] Use of undefined constant uid - assumed 'uid' D:\WWW\Ent\Application\Runtime\Cache\Admin\b595b808c2ebeeeb0478ffc30bb4e87a.php 第 56 行.
NOTIC: [8] Undefined index: fullname D:\WWW\Ent\Application\Runtime\Cache\Admin\b595b808c2ebeeeb0478ffc30bb4e87a.php 第 65 行.
NOTIC: [8] Use of undefined constant uid - assumed 'uid' D:\WWW\Ent\Application\Runtime\Cache\Admin\b595b808c2ebeeeb0478ffc30bb4e87a.php 第 80 行.
NOTIC: [8] Use of undefined constant uid - assumed 'uid' D:\WWW\Ent\Application\Runtime\Cache\Admin\b595b808c2ebeeeb0478ffc30bb4e87a.php 第 93 行.
NOTIC: [8] Use of undefined constant uid - assumed 'uid' D:\WWW\Ent\Application\Runtime\Cache\Admin\b595b808c2ebeeeb0478ffc30bb4e87a.php 第 93 行.
NOTIC: [8] Use of undefined constant uid - assumed 'uid' D:\WWW\Ent\Application\Runtime\Cache\Admin\b595b808c2ebeeeb0478ffc30bb4e87a.php 第 93 行.
NOTIC: [8] Use of undefined constant uid - assumed 'uid' D:\WWW\Ent\Application\Runtime\Cache\Admin\b595b808c2ebeeeb0478ffc30bb4e87a.php 第 93 行.
NOTIC: [8] Use of undefined constant uid - assumed 'uid' D:\WWW\Ent\Application\Runtime\Cache\Admin\b595b808c2ebeeeb0478ffc30bb4e87a.php 第 93 行.
NOTIC: [8] Use of undefined constant uid - assumed 'uid' D:\WWW\Ent\Application\Runtime\Cache\Admin\b595b808c2ebeeeb0478ffc30bb4e87a.php 第 93 行.
NOTIC: [8] Use of undefined constant uid - assumed 'uid' D:\WWW\Ent\Application\Runtime\Cache\Admin\b595b808c2ebeeeb0478ffc30bb4e87a.php 第 93 行.
NOTIC: [8] Use of undefined constant uid - assumed 'uid' D:\WWW\Ent\Application\Runtime\Cache\Admin\b595b808c2ebeeeb0478ffc30bb4e87a.php 第 93 行.
NOTIC: [8] Use of undefined constant uid - assumed 'uid' D:\WWW\Ent\Application\Runtime\Cache\Admin\b595b808c2ebeeeb0478ffc30bb4e87a.php 第 93 行.
INFO: Run Behavior\ParseTemplateBehavior [ RunTime:0.010956s ]
INFO: [ view_parse ] --END-- [ RunTime:0.011027s ]
INFO: [ view_filter ] --START--
INFO: Run Behavior\WriteHtmlCacheBehavior [ RunTime:0.000278s ]
INFO: [ view_filter ] --END-- [ RunTime:0.000309s ]
INFO: [ app_end ] --START--
INFO: Run Behavior\ShowPageTraceBehavior [ RunTime:0.000513s ]
INFO: [ app_end ] --END-- [ RunTime:0.000550s ]

[ 2015-10-30T12:38:48+08:00 ] ::1 /Ent/index.php
INFO: [ app_init ] --START--
INFO: Run Behavior\BuildLiteBehavior [ RunTime:0.000013s ]
INFO: [ app_init ] --END-- [ RunTime:0.000411s ]
INFO: [ app_begin ] --START--
INFO: Run Behavior\ReadHtmlCacheBehavior [ RunTime:0.000534s ]
INFO: [ app_begin ] --END-- [ RunTime:0.000584s ]
NOTIC: [8] Undefined index: fullname D:\WWW\Ent\Application\Admin\Controller\IndexController.class.php 第 11 行.
SQL: SHOW COLUMNS FROM `ent_user` [ RunTime:0.0111s ]
NOTIC: [8] Undefined index: r D:\WWW\Ent\Application\Admin\Controller\IndexController.class.php 第 21 行.
SQL: SELECT * FROM `ent_user` WHERE `status` = 1  [ RunTime:0.0006s ]
SQL: SHOW COLUMNS FROM `ent_notice` [ RunTime:0.0069s ]
NOTIC: [2] Missing argument 1 for Think\Model::where(), called in D:\WWW\Ent\Application\Admin\Controller\IndexController.class.php on line 61 and defined D:\WWW\Ent\ThinkPHP\Library\Think\Model.class.php 第 1799 行.
NOTIC: [8] Undefined variable: where D:\WWW\Ent\ThinkPHP\Library\Think\Model.class.php 第 1807 行.
NOTIC: [8] Undefined variable: where D:\WWW\Ent\ThinkPHP\Library\Think\Model.class.php 第 1810 行.
NOTIC: [8] Undefined variable: where D:\WWW\Ent\ThinkPHP\Library\Think\Model.class.php 第 1818 行.
SQL: SELECT COUNT(*) AS tp_count FROM `ent_notice` LEFT JOIN ent_user u ON uid = u.id  LIMIT 1   [ RunTime:0.0006s ]
NOTIC: [2] Missing argument 1 for Think\Model::where(), called in D:\WWW\Ent\Application\Admin\Controller\IndexController.class.php on line 65 and defined D:\WWW\Ent\ThinkPHP\Library\Think\Model.class.php 第 1799 行.
NOTIC: [8] Undefined variable: where D:\WWW\Ent\ThinkPHP\Library\Think\Model.class.php 第 1807 行.
NOTIC: [8] Undefined variable: where D:\WWW\Ent\ThinkPHP\Library\Think\Model.class.php 第 1810 行.
NOTIC: [8] Undefined variable: where D:\WWW\Ent\ThinkPHP\Library\Think\Model.class.php 第 1818 行.
SQL: SELECT distinct u.fullname,u.role_id,`title`,ent_notice.id,`uid` FROM `ent_notice` LEFT JOIN ent_user u ON uid = u.id  LIMIT 0,2   [ RunTime:0.0007s ]
INFO: [ view_parse ] --START--
INFO: [ template_filter ] --START--
INFO: Run Behavior\ContentReplaceBehavior [ RunTime:0.000093s ]
INFO: [ template_filter ] --END-- [ RunTime:0.000143s ]
NOTIC: [8] Use of undefined constant uid - assumed 'uid' D:\WWW\Ent\Application\Runtime\Cache\Admin\b595b808c2ebeeeb0478ffc30bb4e87a.php 第 56 行.
NOTIC: [8] Undefined index: fullname D:\WWW\Ent\Application\Runtime\Cache\Admin\b595b808c2ebeeeb0478ffc30bb4e87a.php 第 65 行.
NOTIC: [8] Use of undefined constant uid - assumed 'uid' D:\WWW\Ent\Application\Runtime\Cache\Admin\b595b808c2ebeeeb0478ffc30bb4e87a.php 第 80 行.
NOTIC: [8] Use of undefined constant uid - assumed 'uid' D:\WWW\Ent\Application\Runtime\Cache\Admin\b595b808c2ebeeeb0478ffc30bb4e87a.php 第 93 行.
NOTIC: [8] Use of undefined constant uid - assumed 'uid' D:\WWW\Ent\Application\Runtime\Cache\Admin\b595b808c2ebeeeb0478ffc30bb4e87a.php 第 93 行.
NOTIC: [8] Use of undefined constant uid - assumed 'uid' D:\WWW\Ent\Application\Runtime\Cache\Admin\b595b808c2ebeeeb0478ffc30bb4e87a.php 第 93 行.
NOTIC: [8] Use of undefined constant uid - assumed 'uid' D:\WWW\Ent\Application\Runtime\Cache\Admin\b595b808c2ebeeeb0478ffc30bb4e87a.php 第 93 行.
NOTIC: [8] Use of undefined constant uid - assumed 'uid' D:\WWW\Ent\Application\Runtime\Cache\Admin\b595b808c2ebeeeb0478ffc30bb4e87a.php 第 93 行.
NOTIC: [8] Use of undefined constant uid - assumed 'uid' D:\WWW\Ent\Application\Runtime\Cache\Admin\b595b808c2ebeeeb0478ffc30bb4e87a.php 第 93 行.
NOTIC: [8] Use of undefined constant uid - assumed 'uid' D:\WWW\Ent\Application\Runtime\Cache\Admin\b595b808c2ebeeeb0478ffc30bb4e87a.php 第 93 行.
NOTIC: [8] Use of undefined constant uid - assumed 'uid' D:\WWW\Ent\Application\Runtime\Cache\Admin\b595b808c2ebeeeb0478ffc30bb4e87a.php 第 93 行.
NOTIC: [8] Use of undefined constant uid - assumed 'uid' D:\WWW\Ent\Application\Runtime\Cache\Admin\b595b808c2ebeeeb0478ffc30bb4e87a.php 第 93 行.
INFO: Run Behavior\ParseTemplateBehavior [ RunTime:0.024784s ]
INFO: [ view_parse ] --END-- [ RunTime:0.024864s ]
INFO: [ view_filter ] --START--
INFO: Run Behavior\WriteHtmlCacheBehavior [ RunTime:0.000441s ]
INFO: [ view_filter ] --END-- [ RunTime:0.000486s ]
INFO: [ app_end ] --START--
INFO: Run Behavior\ShowPageTraceBehavior [ RunTime:0.000660s ]
INFO: [ app_end ] --END-- [ RunTime:0.000703s ]

[ 2015-10-30T12:38:57+08:00 ] ::1 /Ent/index.php
INFO: [ app_init ] --START--
INFO: Run Behavior\BuildLiteBehavior [ RunTime:0.000013s ]
INFO: [ app_init ] --END-- [ RunTime:0.000376s ]
INFO: [ app_begin ] --START--
INFO: Run Behavior\ReadHtmlCacheBehavior [ RunTime:0.000445s ]
INFO: [ app_begin ] --END-- [ RunTime:0.000486s ]
NOTIC: [8] Undefined index: fullname D:\WWW\Ent\Application\Admin\Controller\IndexController.class.php 第 11 行.
SQL: SHOW COLUMNS FROM `ent_user` [ RunTime:0.0066s ]
NOTIC: [8] Undefined index: r D:\WWW\Ent\Application\Admin\Controller\IndexController.class.php 第 21 行.
SQL: SELECT * FROM `ent_user` WHERE `status` = 1  [ RunTime:0.0006s ]
SQL: SHOW COLUMNS FROM `ent_notice` [ RunTime:0.0058s ]
NOTIC: [2] Missing argument 1 for Think\Model::where(), called in D:\WWW\Ent\Application\Admin\Controller\IndexController.class.php on line 61 and defined D:\WWW\Ent\ThinkPHP\Library\Think\Model.class.php 第 1799 行.
NOTIC: [8] Undefined variable: where D:\WWW\Ent\ThinkPHP\Library\Think\Model.class.php 第 1807 行.
NOTIC: [8] Undefined variable: where D:\WWW\Ent\ThinkPHP\Library\Think\Model.class.php 第 1810 行.
NOTIC: [8] Undefined variable: where D:\WWW\Ent\ThinkPHP\Library\Think\Model.class.php 第 1818 行.
SQL: SELECT COUNT(*) AS tp_count FROM `ent_notice` LEFT JOIN ent_user u ON uid = u.id  LIMIT 1   [ RunTime:0.0006s ]
NOTIC: [2] Missing argument 1 for Think\Model::where(), called in D:\WWW\Ent\Application\Admin\Controller\IndexController.class.php on line 65 and defined D:\WWW\Ent\ThinkPHP\Library\Think\Model.class.php 第 1799 行.
NOTIC: [8] Undefined variable: where D:\WWW\Ent\ThinkPHP\Library\Think\Model.class.php 第 1807 行.
NOTIC: [8] Undefined variable: where D:\WWW\Ent\ThinkPHP\Library\Think\Model.class.php 第 1810 行.
NOTIC: [8] Undefined variable: where D:\WWW\Ent\ThinkPHP\Library\Think\Model.class.php 第 1818 行.
SQL: SELECT distinct u.fullname,u.role_id,`title`,ent_notice.id,`uid` FROM `ent_notice` LEFT JOIN ent_user u ON uid = u.id  LIMIT 0,2   [ RunTime:0.0007s ]
INFO: [ view_parse ] --START--
INFO: [ template_filter ] --START--
INFO: Run Behavior\ContentReplaceBehavior [ RunTime:0.000124s ]
INFO: [ template_filter ] --END-- [ RunTime:0.000199s ]
NOTIC: [8] Use of undefined constant uid - assumed 'uid' D:\WWW\Ent\Application\Runtime\Cache\Admin\b595b808c2ebeeeb0478ffc30bb4e87a.php 第 56 行.
NOTIC: [8] Undefined index: fullname D:\WWW\Ent\Application\Runtime\Cache\Admin\b595b808c2ebeeeb0478ffc30bb4e87a.php 第 65 行.
NOTIC: [8] Use of undefined constant uid - assumed 'uid' D:\WWW\Ent\Application\Runtime\Cache\Admin\b595b808c2ebeeeb0478ffc30bb4e87a.php 第 80 行.
NOTIC: [8] Use of undefined constant uid - assumed 'uid' D:\WWW\Ent\Application\Runtime\Cache\Admin\b595b808c2ebeeeb0478ffc30bb4e87a.php 第 93 行.
NOTIC: [8] Use of undefined constant uid - assumed 'uid' D:\WWW\Ent\Application\Runtime\Cache\Admin\b595b808c2ebeeeb0478ffc30bb4e87a.php 第 93 行.
NOTIC: [8] Use of undefined constant uid - assumed 'uid' D:\WWW\Ent\Application\Runtime\Cache\Admin\b595b808c2ebeeeb0478ffc30bb4e87a.php 第 93 行.
NOTIC: [8] Use of undefined constant uid - assumed 'uid' D:\WWW\Ent\Application\Runtime\Cache\Admin\b595b808c2ebeeeb0478ffc30bb4e87a.php 第 93 行.
NOTIC: [8] Use of undefined constant uid - assumed 'uid' D:\WWW\Ent\Application\Runtime\Cache\Admin\b595b808c2ebeeeb0478ffc30bb4e87a.php 第 93 行.
NOTIC: [8] Use of undefined constant uid - assumed 'uid' D:\WWW\Ent\Application\Runtime\Cache\Admin\b595b808c2ebeeeb0478ffc30bb4e87a.php 第 93 行.
NOTIC: [8] Use of undefined constant uid - assumed 'uid' D:\WWW\Ent\Application\Runtime\Cache\Admin\b595b808c2ebeeeb0478ffc30bb4e87a.php 第 93 行.
NOTIC: [8] Use of undefined constant uid - assumed 'uid' D:\WWW\Ent\Application\Runtime\Cache\Admin\b595b808c2ebeeeb0478ffc30bb4e87a.php 第 93 行.
NOTIC: [8] Use of undefined constant uid - assumed 'uid' D:\WWW\Ent\Application\Runtime\Cache\Admin\b595b808c2ebeeeb0478ffc30bb4e87a.php 第 93 行.
INFO: Run Behavior\ParseTemplateBehavior [ RunTime:0.014578s ]
INFO: [ view_parse ] --END-- [ RunTime:0.014669s ]
INFO: [ view_filter ] --START--
INFO: Run Behavior\WriteHtmlCacheBehavior [ RunTime:0.000533s ]
INFO: [ view_filter ] --END-- [ RunTime:0.000595s ]
INFO: [ app_end ] --START--
INFO: Run Behavior\ShowPageTraceBehavior [ RunTime:0.001030s ]
INFO: [ app_end ] --END-- [ RunTime:0.001116s ]

[ 2015-10-30T12:39:05+08:00 ] ::1 /Ent/index.php/Index/index
INFO: [ app_init ] --START--
INFO: Run Behavior\BuildLiteBehavior [ RunTime:0.000012s ]
INFO: [ app_init ] --END-- [ RunTime:0.000385s ]
INFO: [ app_begin ] --START--
INFO: Run Behavior\ReadHtmlCacheBehavior [ RunTime:0.000465s ]
INFO: [ app_begin ] --END-- [ RunTime:0.000507s ]
NOTIC: [8] Undefined index: fullname D:\WWW\Ent\Application\Admin\Controller\IndexController.class.php 第 11 行.
SQL: SHOW COLUMNS FROM `ent_user` [ RunTime:0.0033s ]
NOTIC: [8] Undefined index: r D:\WWW\Ent\Application\Admin\Controller\IndexController.class.php 第 21 行.
SQL: SELECT * FROM `ent_user` WHERE `status` = 1  [ RunTime:0.0003s ]
SQL: SHOW COLUMNS FROM `ent_notice` [ RunTime:0.0028s ]
NOTIC: [2] Missing argument 1 for Think\Model::where(), called in D:\WWW\Ent\Application\Admin\Controller\IndexController.class.php on line 61 and defined D:\WWW\Ent\ThinkPHP\Library\Think\Model.class.php 第 1799 行.
NOTIC: [8] Undefined variable: where D:\WWW\Ent\ThinkPHP\Library\Think\Model.class.php 第 1807 行.
NOTIC: [8] Undefined variable: where D:\WWW\Ent\ThinkPHP\Library\Think\Model.class.php 第 1810 行.
NOTIC: [8] Undefined variable: where D:\WWW\Ent\ThinkPHP\Library\Think\Model.class.php 第 1818 行.
SQL: SELECT COUNT(*) AS tp_count FROM `ent_notice` LEFT JOIN ent_user u ON uid = u.id  LIMIT 1   [ RunTime:0.0002s ]
NOTIC: [2] Missing argument 1 for Think\Model::where(), called in D:\WWW\Ent\Application\Admin\Controller\IndexController.class.php on line 65 and defined D:\WWW\Ent\ThinkPHP\Library\Think\Model.class.php 第 1799 行.
NOTIC: [8] Undefined variable: where D:\WWW\Ent\ThinkPHP\Library\Think\Model.class.php 第 1807 行.
NOTIC: [8] Undefined variable: where D:\WWW\Ent\ThinkPHP\Library\Think\Model.class.php 第 1810 行.
NOTIC: [8] Undefined variable: where D:\WWW\Ent\ThinkPHP\Library\Think\Model.class.php 第 1818 行.
SQL: SELECT distinct u.fullname,u.role_id,`title`,ent_notice.id,`uid` FROM `ent_notice` LEFT JOIN ent_user u ON uid = u.id  LIMIT 0,2   [ RunTime:0.0004s ]
INFO: [ view_parse ] --START--
INFO: [ template_filter ] --START--
INFO: Run Behavior\ContentReplaceBehavior [ RunTime:0.000062s ]
INFO: [ template_filter ] --END-- [ RunTime:0.000098s ]
NOTIC: [8] Use of undefined constant uid - assumed 'uid' D:\WWW\Ent\Application\Runtime\Cache\Admin\b595b808c2ebeeeb0478ffc30bb4e87a.php 第 56 行.
NOTIC: [8] Undefined index: fullname D:\WWW\Ent\Application\Runtime\Cache\Admin\b595b808c2ebeeeb0478ffc30bb4e87a.php 第 65 行.
NOTIC: [8] Use of undefined constant uid - assumed 'uid' D:\WWW\Ent\Application\Runtime\Cache\Admin\b595b808c2ebeeeb0478ffc30bb4e87a.php 第 80 行.
NOTIC: [8] Use of undefined constant uid - assumed 'uid' D:\WWW\Ent\Application\Runtime\Cache\Admin\b595b808c2ebeeeb0478ffc30bb4e87a.php 第 93 行.
NOTIC: [8] Use of undefined constant uid - assumed 'uid' D:\WWW\Ent\Application\Runtime\Cache\Admin\b595b808c2ebeeeb0478ffc30bb4e87a.php 第 93 行.
NOTIC: [8] Use of undefined constant uid - assumed 'uid' D:\WWW\Ent\Application\Runtime\Cache\Admin\b595b808c2ebeeeb0478ffc30bb4e87a.php 第 93 行.
NOTIC: [8] Use of undefined constant uid - assumed 'uid' D:\WWW\Ent\Application\Runtime\Cache\Admin\b595b808c2ebeeeb0478ffc30bb4e87a.php 第 93 行.
NOTIC: [8] Use of undefined constant uid - assumed 'uid' D:\WWW\Ent\Application\Runtime\Cache\Admin\b595b808c2ebeeeb0478ffc30bb4e87a.php 第 93 行.
NOTIC: [8] Use of undefined constant uid - assumed 'uid' D:\WWW\Ent\Application\Runtime\Cache\Admin\b595b808c2ebeeeb0478ffc30bb4e87a.php 第 93 行.
NOTIC: [8] Use of undefined constant uid - assumed 'uid' D:\WWW\Ent\Application\Runtime\Cache\Admin\b595b808c2ebeeeb0478ffc30bb4e87a.php 第 93 行.
NOTIC: [8] Use of undefined constant uid - assumed 'uid' D:\WWW\Ent\Application\Runtime\Cache\Admin\b595b808c2ebeeeb0478ffc30bb4e87a.php 第 93 行.
NOTIC: [8] Use of undefined constant uid - assumed 'uid' D:\WWW\Ent\Application\Runtime\Cache\Admin\b595b808c2ebeeeb0478ffc30bb4e87a.php 第 93 行.
INFO: Run Behavior\ParseTemplateBehavior [ RunTime:0.006954s ]
INFO: [ view_parse ] --END-- [ RunTime:0.006999s ]
INFO: [ view_filter ] --START--
INFO: Run Behavior\WriteHtmlCacheBehavior [ RunTime:0.000345s ]
INFO: [ view_filter ] --END-- [ RunTime:0.000379s ]
INFO: [ app_end ] --START--
INFO: Run Behavior\ShowPageTraceBehavior [ RunTime:0.000526s ]
INFO: [ app_end ] --END-- [ RunTime:0.000564s ]

[ 2015-10-30T12:39:09+08:00 ] ::1 /Ent/index.php/User/logout
INFO: [ app_init ] --START--
INFO: Run Behavior\BuildLiteBehavior [ RunTime:0.000013s ]
INFO: [ app_init ] --END-- [ RunTime:0.000362s ]
INFO: [ app_begin ] --START--
INFO: Run Behavior\ReadHtmlCacheBehavior [ RunTime:0.000456s ]
INFO: [ app_begin ] --END-- [ RunTime:0.000497s ]
INFO: [ view_parse ] --START--
INFO: [ template_filter ] --START--
INFO: Run Behavior\ContentReplaceBehavior [ RunTime:0.000038s ]
INFO: [ template_filter ] --END-- [ RunTime:0.000076s ]
INFO: Run Behavior\ParseTemplateBehavior [ RunTime:0.004506s ]
INFO: [ view_parse ] --END-- [ RunTime:0.004545s ]
INFO: [ view_filter ] --START--
INFO: Run Behavior\WriteHtmlCacheBehavior [ RunTime:0.000294s ]
INFO: [ view_filter ] --END-- [ RunTime:0.000362s ]
INFO: [ app_end ] --START--
INFO: Run Behavior\ShowPageTraceBehavior [ RunTime:0.000486s ]
INFO: [ app_end ] --END-- [ RunTime:0.000519s ]

[ 2015-10-30T12:39:10+08:00 ] ::1 /Ent/index.php/User/login
INFO: [ app_init ] --START--
INFO: Run Behavior\BuildLiteBehavior [ RunTime:0.000023s ]
INFO: [ app_init ] --END-- [ RunTime:0.000705s ]
INFO: [ app_begin ] --START--
INFO: Run Behavior\ReadHtmlCacheBehavior [ RunTime:0.000893s ]
INFO: [ app_begin ] --END-- [ RunTime:0.000974s ]
INFO: [ view_parse ] --START--
INFO: [ template_filter ] --START--
INFO: Run Behavior\ContentReplaceBehavior [ RunTime:0.000065s ]
INFO: [ template_filter ] --END-- [ RunTime:0.000122s ]
INFO: Run Behavior\ParseTemplateBehavior [ RunTime:0.010602s ]
INFO: [ view_parse ] --END-- [ RunTime:0.010661s ]
INFO: [ view_filter ] --START--
INFO: Run Behavior\WriteHtmlCacheBehavior [ RunTime:0.000345s ]
INFO: [ view_filter ] --END-- [ RunTime:0.000382s ]
INFO: [ app_end ] --START--
INFO: Run Behavior\ShowPageTraceBehavior [ RunTime:0.000594s ]
INFO: [ app_end ] --END-- [ RunTime:0.000632s ]

[ 2015-10-30T12:39:11+08:00 ] ::1 /Ent/index.php/User/verify
INFO: [ app_init ] --START--
INFO: Run Behavior\BuildLiteBehavior [ RunTime:0.000011s ]
INFO: [ app_init ] --END-- [ RunTime:0.000369s ]
INFO: [ app_begin ] --START--
INFO: Run Behavior\ReadHtmlCacheBehavior [ RunTime:0.000464s ]
INFO: [ app_begin ] --END-- [ RunTime:0.000504s ]
INFO: [ app_end ] --START--
INFO: Run Behavior\ShowPageTraceBehavior [ RunTime:0.000784s ]
INFO: [ app_end ] --END-- [ RunTime:0.000855s ]

[ 2015-10-30T12:39:35+08:00 ] ::1 /Ent/index.php/User/login
INFO: [ app_init ] --START--
INFO: Run Behavior\BuildLiteBehavior [ RunTime:0.000013s ]
INFO: [ app_init ] --END-- [ RunTime:0.000358s ]
INFO: [ app_begin ] --START--
INFO: Run Behavior\ReadHtmlCacheBehavior [ RunTime:0.000435s ]
INFO: [ app_begin ] --END-- [ RunTime:0.000472s ]
SQL: SHOW COLUMNS FROM `ent_user` [ RunTime:0.0067s ]
SQL: SELECT * FROM `ent_user` WHERE `username` = 'admin' AND `status` = 1 LIMIT 1   [ RunTime:0.0005s ]

[ 2015-10-30T12:39:36+08:00 ] ::1 /Ent/index.php/Index/index
INFO: [ app_init ] --START--
INFO: Run Behavior\BuildLiteBehavior [ RunTime:0.000027s ]
INFO: [ app_init ] --END-- [ RunTime:0.000816s ]
INFO: [ app_begin ] --START--
INFO: Run Behavior\ReadHtmlCacheBehavior [ RunTime:0.001006s ]
INFO: [ app_begin ] --END-- [ RunTime:0.001096s ]
NOTIC: [8] Undefined index: fullname D:\WWW\Ent\Application\Admin\Controller\IndexController.class.php 第 11 行.
SQL: SHOW COLUMNS FROM `ent_user` [ RunTime:0.0068s ]
NOTIC: [8] Undefined index: r D:\WWW\Ent\Application\Admin\Controller\IndexController.class.php 第 21 行.
SQL: SELECT * FROM `ent_user` WHERE `status` = 1  [ RunTime:0.0005s ]
SQL: SHOW COLUMNS FROM `ent_notice` [ RunTime:0.0056s ]
NOTIC: [2] Missing argument 1 for Think\Model::where(), called in D:\WWW\Ent\Application\Admin\Controller\IndexController.class.php on line 61 and defined D:\WWW\Ent\ThinkPHP\Library\Think\Model.class.php 第 1799 行.
NOTIC: [8] Undefined variable: where D:\WWW\Ent\ThinkPHP\Library\Think\Model.class.php 第 1807 行.
NOTIC: [8] Undefined variable: where D:\WWW\Ent\ThinkPHP\Library\Think\Model.class.php 第 1810 行.
NOTIC: [8] Undefined variable: where D:\WWW\Ent\ThinkPHP\Library\Think\Model.class.php 第 1818 行.
SQL: SELECT COUNT(*) AS tp_count FROM `ent_notice` LEFT JOIN ent_user u ON uid = u.id  LIMIT 1   [ RunTime:0.0005s ]
NOTIC: [2] Missing argument 1 for Think\Model::where(), called in D:\WWW\Ent\Application\Admin\Controller\IndexController.class.php on line 65 and defined D:\WWW\Ent\ThinkPHP\Library\Think\Model.class.php 第 1799 行.
NOTIC: [8] Undefined variable: where D:\WWW\Ent\ThinkPHP\Library\Think\Model.class.php 第 1807 行.
NOTIC: [8] Undefined variable: where D:\WWW\Ent\ThinkPHP\Library\Think\Model.class.php 第 1810 行.
NOTIC: [8] Undefined variable: where D:\WWW\Ent\ThinkPHP\Library\Think\Model.class.php 第 1818 行.
SQL: SELECT distinct u.fullname,u.role_id,`title`,ent_notice.id,`uid` FROM `ent_notice` LEFT JOIN ent_user u ON uid = u.id  LIMIT 0,2   [ RunTime:0.0007s ]
INFO: [ view_parse ] --START--
INFO: [ template_filter ] --START--
INFO: Run Behavior\ContentReplaceBehavior [ RunTime:0.000124s ]
INFO: [ template_filter ] --END-- [ RunTime:0.000202s ]
NOTIC: [8] Use of undefined constant uid - assumed 'uid' D:\WWW\Ent\Application\Runtime\Cache\Admin\b595b808c2ebeeeb0478ffc30bb4e87a.php 第 56 行.
NOTIC: [8] Undefined index: fullname D:\WWW\Ent\Application\Runtime\Cache\Admin\b595b808c2ebeeeb0478ffc30bb4e87a.php 第 65 行.
NOTIC: [8] Use of undefined constant uid - assumed 'uid' D:\WWW\Ent\Application\Runtime\Cache\Admin\b595b808c2ebeeeb0478ffc30bb4e87a.php 第 80 行.
NOTIC: [8] Use of undefined constant uid - assumed 'uid' D:\WWW\Ent\Application\Runtime\Cache\Admin\b595b808c2ebeeeb0478ffc30bb4e87a.php 第 93 行.
NOTIC: [8] Use of undefined constant uid - assumed 'uid' D:\WWW\Ent\Application\Runtime\Cache\Admin\b595b808c2ebeeeb0478ffc30bb4e87a.php 第 93 行.
NOTIC: [8] Use of undefined constant uid - assumed 'uid' D:\WWW\Ent\Application\Runtime\Cache\Admin\b595b808c2ebeeeb0478ffc30bb4e87a.php 第 93 行.
NOTIC: [8] Use of undefined constant uid - assumed 'uid' D:\WWW\Ent\Application\Runtime\Cache\Admin\b595b808c2ebeeeb0478ffc30bb4e87a.php 第 93 行.
NOTIC: [8] Use of undefined constant uid - assumed 'uid' D:\WWW\Ent\Application\Runtime\Cache\Admin\b595b808c2ebeeeb0478ffc30bb4e87a.php 第 93 行.
NOTIC: [8] Use of undefined constant uid - assumed 'uid' D:\WWW\Ent\Application\Runtime\Cache\Admin\b595b808c2ebeeeb0478ffc30bb4e87a.php 第 93 行.
NOTIC: [8] Use of undefined constant uid - assumed 'uid' D:\WWW\Ent\Application\Runtime\Cache\Admin\b595b808c2ebeeeb0478ffc30bb4e87a.php 第 93 行.
NOTIC: [8] Use of undefined constant uid - assumed 'uid' D:\WWW\Ent\Application\Runtime\Cache\Admin\b595b808c2ebeeeb0478ffc30bb4e87a.php 第 93 行.
NOTIC: [8] Use of undefined constant uid - assumed 'uid' D:\WWW\Ent\Application\Runtime\Cache\Admin\b595b808c2ebeeeb0478ffc30bb4e87a.php 第 93 行.
INFO: Run Behavior\ParseTemplateBehavior [ RunTime:0.014668s ]
INFO: [ view_parse ] --END-- [ RunTime:0.014761s ]
INFO: [ view_filter ] --START--
INFO: Run Behavior\WriteHtmlCacheBehavior [ RunTime:0.000532s ]
INFO: [ view_filter ] --END-- [ RunTime:0.000594s ]
INFO: [ app_end ] --START--
INFO: Run Behavior\ShowPageTraceBehavior [ RunTime:0.000969s ]
INFO: [ app_end ] --END-- [ RunTime:0.001037s ]

[ 2015-10-30T12:39:44+08:00 ] ::1 /Ent/index.php/Index/index/r/2
INFO: [ app_init ] --START--
INFO: Run Behavior\BuildLiteBehavior [ RunTime:0.000012s ]
INFO: [ app_init ] --END-- [ RunTime:0.000360s ]
INFO: [ app_begin ] --START--
INFO: Run Behavior\ReadHtmlCacheBehavior [ RunTime:0.000436s ]
INFO: [ app_begin ] --END-- [ RunTime:0.000476s ]
NOTIC: [8] Undefined index: fullname D:\WWW\Ent\Application\Admin\Controller\IndexController.class.php 第 11 行.
SQL: SHOW COLUMNS FROM `ent_user` [ RunTime:0.0067s ]
SQL: SELECT * FROM `ent_user` WHERE `status` = 1 AND `role_id` = 2  [ RunTime:0.0006s ]
SQL: SHOW COLUMNS FROM `ent_notice` [ RunTime:0.0058s ]
NOTIC: [2] Missing argument 1 for Think\Model::where(), called in D:\WWW\Ent\Application\Admin\Controller\IndexController.class.php on line 61 and defined D:\WWW\Ent\ThinkPHP\Library\Think\Model.class.php 第 1799 行.
NOTIC: [8] Undefined variable: where D:\WWW\Ent\ThinkPHP\Library\Think\Model.class.php 第 1807 行.
NOTIC: [8] Undefined variable: where D:\WWW\Ent\ThinkPHP\Library\Think\Model.class.php 第 1810 行.
NOTIC: [8] Undefined variable: where D:\WWW\Ent\ThinkPHP\Library\Think\Model.class.php 第 1818 行.
SQL: SELECT COUNT(*) AS tp_count FROM `ent_notice` LEFT JOIN ent_user u ON uid = u.id  LIMIT 1   [ RunTime:0.0005s ]
NOTIC: [2] Missing argument 1 for Think\Model::where(), called in D:\WWW\Ent\Application\Admin\Controller\IndexController.class.php on line 65 and defined D:\WWW\Ent\ThinkPHP\Library\Think\Model.class.php 第 1799 行.
NOTIC: [8] Undefined variable: where D:\WWW\Ent\ThinkPHP\Library\Think\Model.class.php 第 1807 行.
NOTIC: [8] Undefined variable: where D:\WWW\Ent\ThinkPHP\Library\Think\Model.class.php 第 1810 行.
NOTIC: [8] Undefined variable: where D:\WWW\Ent\ThinkPHP\Library\Think\Model.class.php 第 1818 行.
SQL: SELECT distinct u.fullname,u.role_id,`title`,ent_notice.id,`uid` FROM `ent_notice` LEFT JOIN ent_user u ON uid = u.id  LIMIT 0,2   [ RunTime:0.0006s ]
INFO: [ view_parse ] --START--
INFO: [ template_filter ] --START--
INFO: Run Behavior\ContentReplaceBehavior [ RunTime:0.000132s ]
INFO: [ template_filter ] --END-- [ RunTime:0.000209s ]
NOTIC: [8] Use of undefined constant uid - assumed 'uid' D:\WWW\Ent\Application\Runtime\Cache\Admin\b595b808c2ebeeeb0478ffc30bb4e87a.php 第 56 行.
NOTIC: [8] Undefined index: fullname D:\WWW\Ent\Application\Runtime\Cache\Admin\b595b808c2ebeeeb0478ffc30bb4e87a.php 第 65 行.
NOTIC: [8] Use of undefined constant uid - assumed 'uid' D:\WWW\Ent\Application\Runtime\Cache\Admin\b595b808c2ebeeeb0478ffc30bb4e87a.php 第 80 行.
NOTIC: [8] Use of undefined constant uid - assumed 'uid' D:\WWW\Ent\Application\Runtime\Cache\Admin\b595b808c2ebeeeb0478ffc30bb4e87a.php 第 93 行.
NOTIC: [8] Use of undefined constant uid - assumed 'uid' D:\WWW\Ent\Application\Runtime\Cache\Admin\b595b808c2ebeeeb0478ffc30bb4e87a.php 第 93 行.
NOTIC: [8] Use of undefined constant uid - assumed 'uid' D:\WWW\Ent\Application\Runtime\Cache\Admin\b595b808c2ebeeeb0478ffc30bb4e87a.php 第 93 行.
INFO: Run Behavior\ParseTemplateBehavior [ RunTime:0.013881s ]
INFO: [ view_parse ] --END-- [ RunTime:0.013976s ]
INFO: [ view_filter ] --START--
INFO: Run Behavior\WriteHtmlCacheBehavior [ RunTime:0.000576s ]
INFO: [ view_filter ] --END-- [ RunTime:0.000643s ]
INFO: [ app_end ] --START--
INFO: Run Behavior\ShowPageTraceBehavior [ RunTime:0.001030s ]
INFO: [ app_end ] --END-- [ RunTime:0.001101s ]

[ 2015-10-30T12:39:50+08:00 ] ::1 /Ent/index.php/Index/index/r/3
INFO: [ app_init ] --START--
INFO: Run Behavior\BuildLiteBehavior [ RunTime:0.000013s ]
INFO: [ app_init ] --END-- [ RunTime:0.000369s ]
INFO: [ app_begin ] --START--
INFO: Run Behavior\ReadHtmlCacheBehavior [ RunTime:0.000517s ]
INFO: [ app_begin ] --END-- [ RunTime:0.000558s ]
NOTIC: [8] Undefined index: fullname D:\WWW\Ent\Application\Admin\Controller\IndexController.class.php 第 11 行.
SQL: SHOW COLUMNS FROM `ent_user` [ RunTime:0.0035s ]
SQL: SELECT * FROM `ent_user` WHERE `status` = 1 AND `role_id` = 3  [ RunTime:0.0003s ]
SQL: SHOW COLUMNS FROM `ent_notice` [ RunTime:0.0029s ]
NOTIC: [2] Missing argument 1 for Think\Model::where(), called in D:\WWW\Ent\Application\Admin\Controller\IndexController.class.php on line 61 and defined D:\WWW\Ent\ThinkPHP\Library\Think\Model.class.php 第 1799 行.
NOTIC: [8] Undefined variable: where D:\WWW\Ent\ThinkPHP\Library\Think\Model.class.php 第 1807 行.
NOTIC: [8] Undefined variable: where D:\WWW\Ent\ThinkPHP\Library\Think\Model.class.php 第 1810 行.
NOTIC: [8] Undefined variable: where D:\WWW\Ent\ThinkPHP\Library\Think\Model.class.php 第 1818 行.
SQL: SELECT COUNT(*) AS tp_count FROM `ent_notice` LEFT JOIN ent_user u ON uid = u.id  LIMIT 1   [ RunTime:0.0003s ]
NOTIC: [2] Missing argument 1 for Think\Model::where(), called in D:\WWW\Ent\Application\Admin\Controller\IndexController.class.php on line 65 and defined D:\WWW\Ent\ThinkPHP\Library\Think\Model.class.php 第 1799 行.
NOTIC: [8] Undefined variable: where D:\WWW\Ent\ThinkPHP\Library\Think\Model.class.php 第 1807 行.
NOTIC: [8] Undefined variable: where D:\WWW\Ent\ThinkPHP\Library\Think\Model.class.php 第 1810 行.
NOTIC: [8] Undefined variable: where D:\WWW\Ent\ThinkPHP\Library\Think\Model.class.php 第 1818 行.
SQL: SELECT distinct u.fullname,u.role_id,`title`,ent_notice.id,`uid` FROM `ent_notice` LEFT JOIN ent_user u ON uid = u.id  LIMIT 0,2   [ RunTime:0.0004s ]
INFO: [ view_parse ] --START--
INFO: [ template_filter ] --START--
INFO: Run Behavior\ContentReplaceBehavior [ RunTime:0.000064s ]
INFO: [ template_filter ] --END-- [ RunTime:0.000100s ]
NOTIC: [8] Use of undefined constant uid - assumed 'uid' D:\WWW\Ent\Application\Runtime\Cache\Admin\b595b808c2ebeeeb0478ffc30bb4e87a.php 第 56 行.
NOTIC: [8] Undefined index: fullname D:\WWW\Ent\Application\Runtime\Cache\Admin\b595b808c2ebeeeb0478ffc30bb4e87a.php 第 65 行.
NOTIC: [8] Use of undefined constant uid - assumed 'uid' D:\WWW\Ent\Application\Runtime\Cache\Admin\b595b808c2ebeeeb0478ffc30bb4e87a.php 第 80 行.
NOTIC: [8] Use of undefined constant uid - assumed 'uid' D:\WWW\Ent\Application\Runtime\Cache\Admin\b595b808c2ebeeeb0478ffc30bb4e87a.php 第 93 行.
INFO: Run Behavior\ParseTemplateBehavior [ RunTime:0.006522s ]
INFO: [ view_parse ] --END-- [ RunTime:0.006568s ]
INFO: [ view_filter ] --START--
INFO: Run Behavior\WriteHtmlCacheBehavior [ RunTime:0.000238s ]
INFO: [ view_filter ] --END-- [ RunTime:0.000268s ]
INFO: [ app_end ] --START--
INFO: Run Behavior\ShowPageTraceBehavior [ RunTime:0.000454s ]
INFO: [ app_end ] --END-- [ RunTime:0.000486s ]

[ 2015-10-30T12:39:55+08:00 ] ::1 /Ent/index.php/Index/index/r/3/p/2
INFO: [ app_init ] --START--
INFO: Run Behavior\BuildLiteBehavior [ RunTime:0.000013s ]
INFO: [ app_init ] --END-- [ RunTime:0.000357s ]
INFO: [ app_begin ] --START--
INFO: Run Behavior\ReadHtmlCacheBehavior [ RunTime:0.000443s ]
INFO: [ app_begin ] --END-- [ RunTime:0.000482s ]
NOTIC: [8] Undefined index: fullname D:\WWW\Ent\Application\Admin\Controller\IndexController.class.php 第 11 行.
SQL: SHOW COLUMNS FROM `ent_user` [ RunTime:0.0065s ]
SQL: SELECT * FROM `ent_user` WHERE `status` = 1 AND `role_id` = 3  [ RunTime:0.0006s ]
SQL: SHOW COLUMNS FROM `ent_notice` [ RunTime:0.0061s ]
NOTIC: [2] Missing argument 1 for Think\Model::where(), called in D:\WWW\Ent\Application\Admin\Controller\IndexController.class.php on line 61 and defined D:\WWW\Ent\ThinkPHP\Library\Think\Model.class.php 第 1799 行.
NOTIC: [8] Undefined variable: where D:\WWW\Ent\ThinkPHP\Library\Think\Model.class.php 第 1807 行.
NOTIC: [8] Undefined variable: where D:\WWW\Ent\ThinkPHP\Library\Think\Model.class.php 第 1810 行.
NOTIC: [8] Undefined variable: where D:\WWW\Ent\ThinkPHP\Library\Think\Model.class.php 第 1818 行.
SQL: SELECT COUNT(*) AS tp_count FROM `ent_notice` LEFT JOIN ent_user u ON uid = u.id  LIMIT 1   [ RunTime:0.0005s ]
NOTIC: [2] Missing argument 1 for Think\Model::where(), called in D:\WWW\Ent\Application\Admin\Controller\IndexController.class.php on line 65 and defined D:\WWW\Ent\ThinkPHP\Library\Think\Model.class.php 第 1799 行.
NOTIC: [8] Undefined variable: where D:\WWW\Ent\ThinkPHP\Library\Think\Model.class.php 第 1807 行.
NOTIC: [8] Undefined variable: where D:\WWW\Ent\ThinkPHP\Library\Think\Model.class.php 第 1810 行.
NOTIC: [8] Undefined variable: where D:\WWW\Ent\ThinkPHP\Library\Think\Model.class.php 第 1818 行.
SQL: SELECT distinct u.fullname,u.role_id,`title`,ent_notice.id,`uid` FROM `ent_notice` LEFT JOIN ent_user u ON uid = u.id  LIMIT 2,2   [ RunTime:0.0007s ]
INFO: [ view_parse ] --START--
INFO: [ template_filter ] --START--
INFO: Run Behavior\ContentReplaceBehavior [ RunTime:0.000133s ]
INFO: [ template_filter ] --END-- [ RunTime:0.000213s ]
NOTIC: [8] Use of undefined constant uid - assumed 'uid' D:\WWW\Ent\Application\Runtime\Cache\Admin\b595b808c2ebeeeb0478ffc30bb4e87a.php 第 56 行.
NOTIC: [8] Undefined index: fullname D:\WWW\Ent\Application\Runtime\Cache\Admin\b595b808c2ebeeeb0478ffc30bb4e87a.php 第 65 行.
NOTIC: [8] Use of undefined constant uid - assumed 'uid' D:\WWW\Ent\Application\Runtime\Cache\Admin\b595b808c2ebeeeb0478ffc30bb4e87a.php 第 80 行.
NOTIC: [8] Use of undefined constant uid - assumed 'uid' D:\WWW\Ent\Application\Runtime\Cache\Admin\b595b808c2ebeeeb0478ffc30bb4e87a.php 第 93 行.
INFO: Run Behavior\ParseTemplateBehavior [ RunTime:0.013776s ]
INFO: [ view_parse ] --END-- [ RunTime:0.013885s ]
INFO: [ view_filter ] --START--
INFO: Run Behavior\WriteHtmlCacheBehavior [ RunTime:0.000462s ]
INFO: [ view_filter ] --END-- [ RunTime:0.000509s ]
INFO: [ app_end ] --START--
INFO: Run Behavior\ShowPageTraceBehavior [ RunTime:0.000602s ]
INFO: [ app_end ] --END-- [ RunTime:0.000643s ]

[ 2015-10-30T12:39:56+08:00 ] ::1 /Ent/index.php/Index/index/r/3/p/1
INFO: [ app_init ] --START--
INFO: Run Behavior\BuildLiteBehavior [ RunTime:0.000012s ]
INFO: [ app_init ] --END-- [ RunTime:0.000361s ]
INFO: [ app_begin ] --START--
INFO: Run Behavior\ReadHtmlCacheBehavior [ RunTime:0.000450s ]
INFO: [ app_begin ] --END-- [ RunTime:0.000492s ]
NOTIC: [8] Undefined index: fullname D:\WWW\Ent\Application\Admin\Controller\IndexController.class.php 第 11 行.
SQL: SHOW COLUMNS FROM `ent_user` [ RunTime:0.0036s ]
SQL: SELECT * FROM `ent_user` WHERE `status` = 1 AND `role_id` = 3  [ RunTime:0.0003s ]
SQL: SHOW COLUMNS FROM `ent_notice` [ RunTime:0.0029s ]
NOTIC: [2] Missing argument 1 for Think\Model::where(), called in D:\WWW\Ent\Application\Admin\Controller\IndexController.class.php on line 61 and defined D:\WWW\Ent\ThinkPHP\Library\Think\Model.class.php 第 1799 行.
NOTIC: [8] Undefined variable: where D:\WWW\Ent\ThinkPHP\Library\Think\Model.class.php 第 1807 行.
NOTIC: [8] Undefined variable: where D:\WWW\Ent\ThinkPHP\Library\Think\Model.class.php 第 1810 行.
NOTIC: [8] Undefined variable: where D:\WWW\Ent\ThinkPHP\Library\Think\Model.class.php 第 1818 行.
SQL: SELECT COUNT(*) AS tp_count FROM `ent_notice` LEFT JOIN ent_user u ON uid = u.id  LIMIT 1   [ RunTime:0.0002s ]
NOTIC: [2] Missing argument 1 for Think\Model::where(), called in D:\WWW\Ent\Application\Admin\Controller\IndexController.class.php on line 65 and defined D:\WWW\Ent\ThinkPHP\Library\Think\Model.class.php 第 1799 行.
NOTIC: [8] Undefined variable: where D:\WWW\Ent\ThinkPHP\Library\Think\Model.class.php 第 1807 行.
NOTIC: [8] Undefined variable: where D:\WWW\Ent\ThinkPHP\Library\Think\Model.class.php 第 1810 行.
NOTIC: [8] Undefined variable: where D:\WWW\Ent\ThinkPHP\Library\Think\Model.class.php 第 1818 行.
SQL: SELECT distinct u.fullname,u.role_id,`title`,ent_notice.id,`uid` FROM `ent_notice` LEFT JOIN ent_user u ON uid = u.id  LIMIT 0,2   [ RunTime:0.0003s ]
INFO: [ view_parse ] --START--
INFO: [ template_filter ] --START--
INFO: Run Behavior\ContentReplaceBehavior [ RunTime:0.000066s ]
INFO: [ template_filter ] --END-- [ RunTime:0.000101s ]
NOTIC: [8] Use of undefined constant uid - assumed 'uid' D:\WWW\Ent\Application\Runtime\Cache\Admin\b595b808c2ebeeeb0478ffc30bb4e87a.php 第 56 行.
NOTIC: [8] Undefined index: fullname D:\WWW\Ent\Application\Runtime\Cache\Admin\b595b808c2ebeeeb0478ffc30bb4e87a.php 第 65 行.
NOTIC: [8] Use of undefined constant uid - assumed 'uid' D:\WWW\Ent\Application\Runtime\Cache\Admin\b595b808c2ebeeeb0478ffc30bb4e87a.php 第 80 行.
NOTIC: [8] Use of undefined constant uid - assumed 'uid' D:\WWW\Ent\Application\Runtime\Cache\Admin\b595b808c2ebeeeb0478ffc30bb4e87a.php 第 93 行.
INFO: Run Behavior\ParseTemplateBehavior [ RunTime:0.006517s ]
INFO: [ view_parse ] --END-- [ RunTime:0.006563s ]
INFO: [ view_filter ] --START--
INFO: Run Behavior\WriteHtmlCacheBehavior [ RunTime:0.000307s ]
INFO: [ view_filter ] --END-- [ RunTime:0.000343s ]
INFO: [ app_end ] --START--
INFO: Run Behavior\ShowPageTraceBehavior [ RunTime:0.000508s ]
INFO: [ app_end ] --END-- [ RunTime:0.000588s ]

[ 2015-10-30T12:40:00+08:00 ] ::1 /Ent/index.php/Index/index/r/3/p/2
INFO: [ app_init ] --START--
INFO: Run Behavior\BuildLiteBehavior [ RunTime:0.000013s ]
INFO: [ app_init ] --END-- [ RunTime:0.000452s ]
INFO: [ app_begin ] --START--
INFO: Run Behavior\ReadHtmlCacheBehavior [ RunTime:0.000474s ]
INFO: [ app_begin ] --END-- [ RunTime:0.000516s ]
NOTIC: [8] Undefined index: fullname D:\WWW\Ent\Application\Admin\Controller\IndexController.class.php 第 11 行.
SQL: SHOW COLUMNS FROM `ent_user` [ RunTime:0.0064s ]
SQL: SELECT * FROM `ent_user` WHERE `status` = 1 AND `role_id` = 3  [ RunTime:0.0006s ]
SQL: SHOW COLUMNS FROM `ent_notice` [ RunTime:0.0061s ]
NOTIC: [2] Missing argument 1 for Think\Model::where(), called in D:\WWW\Ent\Application\Admin\Controller\IndexController.class.php on line 61 and defined D:\WWW\Ent\ThinkPHP\Library\Think\Model.class.php 第 1799 行.
NOTIC: [8] Undefined variable: where D:\WWW\Ent\ThinkPHP\Library\Think\Model.class.php 第 1807 行.
NOTIC: [8] Undefined variable: where D:\WWW\Ent\ThinkPHP\Library\Think\Model.class.php 第 1810 行.
NOTIC: [8] Undefined variable: where D:\WWW\Ent\ThinkPHP\Library\Think\Model.class.php 第 1818 行.
SQL: SELECT COUNT(*) AS tp_count FROM `ent_notice` LEFT JOIN ent_user u ON uid = u.id  LIMIT 1   [ RunTime:0.0005s ]
NOTIC: [2] Missing argument 1 for Think\Model::where(), called in D:\WWW\Ent\Application\Admin\Controller\IndexController.class.php on line 65 and defined D:\WWW\Ent\ThinkPHP\Library\Think\Model.class.php 第 1799 行.
NOTIC: [8] Undefined variable: where D:\WWW\Ent\ThinkPHP\Library\Think\Model.class.php 第 1807 行.
NOTIC: [8] Undefined variable: where D:\WWW\Ent\ThinkPHP\Library\Think\Model.class.php 第 1810 行.
NOTIC: [8] Undefined variable: where D:\WWW\Ent\ThinkPHP\Library\Think\Model.class.php 第 1818 行.
SQL: SELECT distinct u.fullname,u.role_id,`title`,ent_notice.id,`uid` FROM `ent_notice` LEFT JOIN ent_user u ON uid = u.id  LIMIT 2,2   [ RunTime:0.0007s ]
INFO: [ view_parse ] --START--
INFO: [ template_filter ] --START--
INFO: Run Behavior\ContentReplaceBehavior [ RunTime:0.000129s ]
INFO: [ template_filter ] --END-- [ RunTime:0.000203s ]
NOTIC: [8] Use of undefined constant uid - assumed 'uid' D:\WWW\Ent\Application\Runtime\Cache\Admin\b595b808c2ebeeeb0478ffc30bb4e87a.php 第 56 行.
NOTIC: [8] Undefined index: fullname D:\WWW\Ent\Application\Runtime\Cache\Admin\b595b808c2ebeeeb0478ffc30bb4e87a.php 第 65 行.
NOTIC: [8] Use of undefined constant uid - assumed 'uid' D:\WWW\Ent\Application\Runtime\Cache\Admin\b595b808c2ebeeeb0478ffc30bb4e87a.php 第 80 行.
NOTIC: [8] Use of undefined constant uid - assumed 'uid' D:\WWW\Ent\Application\Runtime\Cache\Admin\b595b808c2ebeeeb0478ffc30bb4e87a.php 第 93 行.
INFO: Run Behavior\ParseTemplateBehavior [ RunTime:0.013370s ]
INFO: [ view_parse ] --END-- [ RunTime:0.013464s ]
INFO: [ view_filter ] --START--
INFO: Run Behavior\WriteHtmlCacheBehavior [ RunTime:0.000545s ]
INFO: [ view_filter ] --END-- [ RunTime:0.000615s ]
INFO: [ app_end ] --START--
INFO: Run Behavior\ShowPageTraceBehavior [ RunTime:0.000964s ]
INFO: [ app_end ] --END-- [ RunTime:0.001048s ]

[ 2015-10-30T12:40:02+08:00 ] ::1 /Ent/index.php/Notice/noticeLook/id/4
INFO: [ app_init ] --START--
INFO: Run Behavior\BuildLiteBehavior [ RunTime:0.000013s ]
INFO: [ app_init ] --END-- [ RunTime:0.000391s ]
INFO: [ app_begin ] --START--
INFO: Run Behavior\ReadHtmlCacheBehavior [ RunTime:0.000465s ]
INFO: [ app_begin ] --END-- [ RunTime:0.000503s ]
SQL: SHOW COLUMNS FROM `ent_notice` [ RunTime:0.0064s ]
SQL: SELECT * FROM `ent_notice` WHERE `id` = 4 LIMIT 1   [ RunTime:0.0006s ]
INFO: [ view_parse ] --START--
INFO: [ template_filter ] --START--
INFO: Run Behavior\ContentReplaceBehavior [ RunTime:0.000116s ]
INFO: [ template_filter ] --END-- [ RunTime:0.000202s ]
SQL: SHOW COLUMNS FROM `ent_user` [ RunTime:0.0061s ]
SQL: SELECT `fullname` FROM `ent_user` WHERE ( id=7 ) LIMIT 1   [ RunTime:0.0004s ]
INFO: Run Behavior\ParseTemplateBehavior [ RunTime:0.019184s ]
INFO: [ view_parse ] --END-- [ RunTime:0.019257s ]
INFO: [ view_filter ] --START--
INFO: Run Behavior\WriteHtmlCacheBehavior [ RunTime:0.000578s ]
INFO: [ view_filter ] --END-- [ RunTime:0.000647s ]
INFO: [ app_end ] --START--
INFO: Run Behavior\ShowPageTraceBehavior [ RunTime:0.000970s ]
INFO: [ app_end ] --END-- [ RunTime:0.001036s ]

[ 2015-10-30T12:40:14+08:00 ] ::1 /Ent/index.php/Index/index
INFO: [ app_init ] --START--
INFO: Run Behavior\BuildLiteBehavior [ RunTime:0.000012s ]
INFO: [ app_init ] --END-- [ RunTime:0.000379s ]
INFO: [ app_begin ] --START--
INFO: Run Behavior\ReadHtmlCacheBehavior [ RunTime:0.000473s ]
INFO: [ app_begin ] --END-- [ RunTime:0.000516s ]
NOTIC: [8] Undefined index: fullname D:\WWW\Ent\Application\Admin\Controller\IndexController.class.php 第 11 行.
SQL: SHOW COLUMNS FROM `ent_user` [ RunTime:0.0069s ]
NOTIC: [8] Undefined index: r D:\WWW\Ent\Application\Admin\Controller\IndexController.class.php 第 21 行.
SQL: SELECT * FROM `ent_user` WHERE `status` = 1  [ RunTime:0.0006s ]
SQL: SHOW COLUMNS FROM `ent_notice` [ RunTime:0.0065s ]
NOTIC: [2] Missing argument 1 for Think\Model::where(), called in D:\WWW\Ent\Application\Admin\Controller\IndexController.class.php on line 61 and defined D:\WWW\Ent\ThinkPHP\Library\Think\Model.class.php 第 1799 行.
NOTIC: [8] Undefined variable: where D:\WWW\Ent\ThinkPHP\Library\Think\Model.class.php 第 1807 行.
NOTIC: [8] Undefined variable: where D:\WWW\Ent\ThinkPHP\Library\Think\Model.class.php 第 1810 行.
NOTIC: [8] Undefined variable: where D:\WWW\Ent\ThinkPHP\Library\Think\Model.class.php 第 1818 行.
SQL: SELECT COUNT(*) AS tp_count FROM `ent_notice` LEFT JOIN ent_user u ON uid = u.id  LIMIT 1   [ RunTime:0.0006s ]
NOTIC: [2] Missing argument 1 for Think\Model::where(), called in D:\WWW\Ent\Application\Admin\Controller\IndexController.class.php on line 65 and defined D:\WWW\Ent\ThinkPHP\Library\Think\Model.class.php 第 1799 行.
NOTIC: [8] Undefined variable: where D:\WWW\Ent\ThinkPHP\Library\Think\Model.class.php 第 1807 行.
NOTIC: [8] Undefined variable: where D:\WWW\Ent\ThinkPHP\Library\Think\Model.class.php 第 1810 行.
NOTIC: [8] Undefined variable: where D:\WWW\Ent\ThinkPHP\Library\Think\Model.class.php 第 1818 行.
SQL: SELECT distinct u.fullname,u.role_id,`title`,ent_notice.id,`uid` FROM `ent_notice` LEFT JOIN ent_user u ON uid = u.id  LIMIT 0,2   [ RunTime:0.0007s ]
INFO: [ view_parse ] --START--
INFO: [ template_filter ] --START--
INFO: Run Behavior\ContentReplaceBehavior [ RunTime:0.000125s ]
INFO: [ template_filter ] --END-- [ RunTime:0.000202s ]
NOTIC: [8] Use of undefined constant uid - assumed 'uid' D:\WWW\Ent\Application\Runtime\Cache\Admin\b595b808c2ebeeeb0478ffc30bb4e87a.php 第 56 行.
NOTIC: [8] Undefined index: fullname D:\WWW\Ent\Application\Runtime\Cache\Admin\b595b808c2ebeeeb0478ffc30bb4e87a.php 第 65 行.
NOTIC: [8] Use of undefined constant uid - assumed 'uid' D:\WWW\Ent\Application\Runtime\Cache\Admin\b595b808c2ebeeeb0478ffc30bb4e87a.php 第 80 行.
NOTIC: [8] Use of undefined constant uid - assumed 'uid' D:\WWW\Ent\Application\Runtime\Cache\Admin\b595b808c2ebeeeb0478ffc30bb4e87a.php 第 93 行.
NOTIC: [8] Use of undefined constant uid - assumed 'uid' D:\WWW\Ent\Application\Runtime\Cache\Admin\b595b808c2ebeeeb0478ffc30bb4e87a.php 第 93 行.
NOTIC: [8] Use of undefined constant uid - assumed 'uid' D:\WWW\Ent\Application\Runtime\Cache\Admin\b595b808c2ebeeeb0478ffc30bb4e87a.php 第 93 行.
NOTIC: [8] Use of undefined constant uid - assumed 'uid' D:\WWW\Ent\Application\Runtime\Cache\Admin\b595b808c2ebeeeb0478ffc30bb4e87a.php 第 93 行.
NOTIC: [8] Use of undefined constant uid - assumed 'uid' D:\WWW\Ent\Application\Runtime\Cache\Admin\b595b808c2ebeeeb0478ffc30bb4e87a.php 第 93 行.
NOTIC: [8] Use of undefined constant uid - assumed 'uid' D:\WWW\Ent\Application\Runtime\Cache\Admin\b595b808c2ebeeeb0478ffc30bb4e87a.php 第 93 行.
NOTIC: [8] Use of undefined constant uid - assumed 'uid' D:\WWW\Ent\Application\Runtime\Cache\Admin\b595b808c2ebeeeb0478ffc30bb4e87a.php 第 93 行.
NOTIC: [8] Use of undefined constant uid - assumed 'uid' D:\WWW\Ent\Application\Runtime\Cache\Admin\b595b808c2ebeeeb0478ffc30bb4e87a.php 第 93 行.
NOTIC: [8] Use of undefined constant uid - assumed 'uid' D:\WWW\Ent\Application\Runtime\Cache\Admin\b595b808c2ebeeeb0478ffc30bb4e87a.php 第 93 行.
INFO: Run Behavior\ParseTemplateBehavior [ RunTime:0.014216s ]
INFO: [ view_parse ] --END-- [ RunTime:0.014306s ]
INFO: [ view_filter ] --START--
INFO: Run Behavior\WriteHtmlCacheBehavior [ RunTime:0.000541s ]
INFO: [ view_filter ] --END-- [ RunTime:0.000603s ]
INFO: [ app_end ] --START--
INFO: Run Behavior\ShowPageTraceBehavior [ RunTime:0.001068s ]
INFO: [ app_end ] --END-- [ RunTime:0.001146s ]

