[ 2015-10-26T16:09:59+08:00 ] ::1 /ent/
INFO: [ app_init ] --START--
INFO: Run Behavior\BuildLiteBehavior [ RunTime:0.000000s ]
INFO: [ app_init ] --END-- [ RunTime:0.000000s ]
INFO: [ app_begin ] --START--
INFO: Run Behavior\ReadHtmlCacheBehavior [ RunTime:0.000000s ]
INFO: [ app_begin ] --END-- [ RunTime:0.000000s ]

[ 2015-10-26T16:09:59+08:00 ] ::1 /ent/index.php/User/login
INFO: [ app_init ] --START--
INFO: Run Behavior\BuildLiteBehavior [ RunTime:0.000000s ]
INFO: [ app_init ] --END-- [ RunTime:0.000000s ]
INFO: [ app_begin ] --START--
INFO: Run Behavior\ReadHtmlCacheBehavior [ RunTime:0.000000s ]
INFO: [ app_begin ] --END-- [ RunTime:0.000000s ]
INFO: [ view_parse ] --START--
INFO: [ template_filter ] --START--
INFO: Run Behavior\ContentReplaceBehavior [ RunTime:0.000000s ]
INFO: [ template_filter ] --END-- [ RunTime:0.000000s ]
INFO: Run Behavior\ParseTemplateBehavior [ RunTime:0.005000s ]
INFO: [ view_parse ] --END-- [ RunTime:0.005000s ]
INFO: [ view_filter ] --START--
INFO: Run Behavior\WriteHtmlCacheBehavior [ RunTime:0.000000s ]
INFO: [ view_filter ] --END-- [ RunTime:0.000000s ]
INFO: [ app_end ] --START--
INFO: Run Behavior\ShowPageTraceBehavior [ RunTime:0.000000s ]
INFO: [ app_end ] --END-- [ RunTime:0.000000s ]

[ 2015-10-26T16:09:59+08:00 ] ::1 /ent/index.php/User/verify
INFO: [ app_init ] --START--
INFO: Run Behavior\BuildLiteBehavior [ RunTime:0.000000s ]
INFO: [ app_init ] --END-- [ RunTime:0.000000s ]
INFO: [ app_begin ] --START--
INFO: Run Behavior\ReadHtmlCacheBehavior [ RunTime:0.001000s ]
INFO: [ app_begin ] --END-- [ RunTime:0.001000s ]
INFO: [ app_end ] --START--
INFO: Run Behavior\ShowPageTraceBehavior [ RunTime:0.000000s ]
INFO: [ app_end ] --END-- [ RunTime:0.000000s ]

[ 2015-10-26T16:10:26+08:00 ] ::1 /ent/index.php/User/login
INFO: [ app_init ] --START--
INFO: Run Behavior\BuildLiteBehavior [ RunTime:0.000000s ]
INFO: [ app_init ] --END-- [ RunTime:0.001000s ]
INFO: [ app_begin ] --START--
INFO: Run Behavior\ReadHtmlCacheBehavior [ RunTime:0.000000s ]
INFO: [ app_begin ] --END-- [ RunTime:0.001000s ]
SQL: SHOW COLUMNS FROM `ent_user` [ RunTime:0.0050s ]
SQL: SELECT * FROM `ent_user` WHERE `username` = 'admin' AND `status` = 1 LIMIT 1   [ RunTime:0.0010s ]

[ 2015-10-26T16:10:27+08:00 ] ::1 /ent/index.php/Index/index
INFO: [ app_init ] --START--
INFO: Run Behavior\BuildLiteBehavior [ RunTime:0.000000s ]
INFO: [ app_init ] --END-- [ RunTime:0.000000s ]
INFO: [ app_begin ] --START--
INFO: Run Behavior\ReadHtmlCacheBehavior [ RunTime:0.000000s ]
INFO: [ app_begin ] --END-- [ RunTime:0.000000s ]
NOTIC: [8] Undefined index: fullname D:\WWW\Ent\Application\Admin\Controller\IndexController.class.php 第 11 行.
SQL: SHOW COLUMNS FROM `ent_user` [ RunTime:0.0050s ]
NOTIC: [8] Undefined index: r D:\WWW\Ent\Application\Admin\Controller\IndexController.class.php 第 21 行.
SQL: SELECT * FROM `ent_user` WHERE `status` = 1  [ RunTime:0.0010s ]
SQL: SHOW COLUMNS FROM `ent_notice` [ RunTime:0.0040s ]
NOTIC: [2] Missing argument 1 for Think\Model::where(), called in D:\WWW\Ent\Application\Admin\Controller\IndexController.class.php on line 61 and defined D:\WWW\Ent\ThinkPHP\Library\Think\Model.class.php 第 1799 行.
NOTIC: [8] Undefined variable: where D:\WWW\Ent\ThinkPHP\Library\Think\Model.class.php 第 1807 行.
NOTIC: [8] Undefined variable: where D:\WWW\Ent\ThinkPHP\Library\Think\Model.class.php 第 1810 行.
NOTIC: [8] Undefined variable: where D:\WWW\Ent\ThinkPHP\Library\Think\Model.class.php 第 1818 行.
SQL: SELECT COUNT(*) AS tp_count FROM `ent_notice` LEFT JOIN ent_user u ON uid = u.id  LIMIT 1   [ RunTime:0.0010s ]
NOTIC: [2] Missing argument 1 for Think\Model::where(), called in D:\WWW\Ent\Application\Admin\Controller\IndexController.class.php on line 65 and defined D:\WWW\Ent\ThinkPHP\Library\Think\Model.class.php 第 1799 行.
NOTIC: [8] Undefined variable: where D:\WWW\Ent\ThinkPHP\Library\Think\Model.class.php 第 1807 行.
NOTIC: [8] Undefined variable: where D:\WWW\Ent\ThinkPHP\Library\Think\Model.class.php 第 1810 行.
NOTIC: [8] Undefined variable: where D:\WWW\Ent\ThinkPHP\Library\Think\Model.class.php 第 1818 行.
SQL: SELECT distinct u.fullname,u.role_id,`title`,ent_notice.id,`uid` FROM `ent_notice` LEFT JOIN ent_user u ON uid = u.id  LIMIT 0,2   [ RunTime:0.0010s ]
INFO: [ view_parse ] --START--
INFO: [ template_filter ] --START--
INFO: Run Behavior\ContentReplaceBehavior [ RunTime:0.000000s ]
INFO: [ template_filter ] --END-- [ RunTime:0.000000s ]
NOTIC: [8] Use of undefined constant uid - assumed 'uid' D:\WWW\Ent\Application\Runtime\Cache\Admin\b595b808c2ebeeeb0478ffc30bb4e87a.php 第 56 行.
NOTIC: [8] Undefined index: fullname D:\WWW\Ent\Application\Runtime\Cache\Admin\b595b808c2ebeeeb0478ffc30bb4e87a.php 第 65 行.
NOTIC: [8] Use of undefined constant uid - assumed 'uid' D:\WWW\Ent\Application\Runtime\Cache\Admin\b595b808c2ebeeeb0478ffc30bb4e87a.php 第 80 行.
NOTIC: [8] Use of undefined constant uid - assumed 'uid' D:\WWW\Ent\Application\Runtime\Cache\Admin\b595b808c2ebeeeb0478ffc30bb4e87a.php 第 93 行.
NOTIC: [8] Use of undefined constant uid - assumed 'uid' D:\WWW\Ent\Application\Runtime\Cache\Admin\b595b808c2ebeeeb0478ffc30bb4e87a.php 第 93 行.
NOTIC: [8] Use of undefined constant uid - assumed 'uid' D:\WWW\Ent\Application\Runtime\Cache\Admin\b595b808c2ebeeeb0478ffc30bb4e87a.php 第 93 行.
NOTIC: [8] Use of undefined constant uid - assumed 'uid' D:\WWW\Ent\Application\Runtime\Cache\Admin\b595b808c2ebeeeb0478ffc30bb4e87a.php 第 93 行.
NOTIC: [8] Use of undefined constant uid - assumed 'uid' D:\WWW\Ent\Application\Runtime\Cache\Admin\b595b808c2ebeeeb0478ffc30bb4e87a.php 第 93 行.
NOTIC: [8] Use of undefined constant uid - assumed 'uid' D:\WWW\Ent\Application\Runtime\Cache\Admin\b595b808c2ebeeeb0478ffc30bb4e87a.php 第 93 行.
NOTIC: [8] Use of undefined constant uid - assumed 'uid' D:\WWW\Ent\Application\Runtime\Cache\Admin\b595b808c2ebeeeb0478ffc30bb4e87a.php 第 93 行.
NOTIC: [8] Use of undefined constant uid - assumed 'uid' D:\WWW\Ent\Application\Runtime\Cache\Admin\b595b808c2ebeeeb0478ffc30bb4e87a.php 第 93 行.
NOTIC: [8] Use of undefined constant uid - assumed 'uid' D:\WWW\Ent\Application\Runtime\Cache\Admin\b595b808c2ebeeeb0478ffc30bb4e87a.php 第 93 行.
INFO: Run Behavior\ParseTemplateBehavior [ RunTime:0.013001s ]
INFO: [ view_parse ] --END-- [ RunTime:0.013001s ]
INFO: [ view_filter ] --START--
INFO: Run Behavior\WriteHtmlCacheBehavior [ RunTime:0.000000s ]
INFO: [ view_filter ] --END-- [ RunTime:0.000000s ]
INFO: [ app_end ] --START--
INFO: Run Behavior\ShowPageTraceBehavior [ RunTime:0.001000s ]
INFO: [ app_end ] --END-- [ RunTime:0.002000s ]

[ 2015-10-26T16:10:35+08:00 ] ::1 /ent/index.php/Index/index/p/2
INFO: [ app_init ] --START--
INFO: Run Behavior\BuildLiteBehavior [ RunTime:0.000000s ]
INFO: [ app_init ] --END-- [ RunTime:0.001000s ]
INFO: [ app_begin ] --START--
INFO: Run Behavior\ReadHtmlCacheBehavior [ RunTime:0.001000s ]
INFO: [ app_begin ] --END-- [ RunTime:0.001000s ]
NOTIC: [8] Undefined index: fullname D:\WWW\Ent\Application\Admin\Controller\IndexController.class.php 第 11 行.
SQL: SHOW COLUMNS FROM `ent_user` [ RunTime:0.0050s ]
NOTIC: [8] Undefined index: r D:\WWW\Ent\Application\Admin\Controller\IndexController.class.php 第 21 行.
SQL: SELECT * FROM `ent_user` WHERE `status` = 1  [ RunTime:0.0010s ]
SQL: SHOW COLUMNS FROM `ent_notice` [ RunTime:0.0050s ]
NOTIC: [2] Missing argument 1 for Think\Model::where(), called in D:\WWW\Ent\Application\Admin\Controller\IndexController.class.php on line 61 and defined D:\WWW\Ent\ThinkPHP\Library\Think\Model.class.php 第 1799 行.
NOTIC: [8] Undefined variable: where D:\WWW\Ent\ThinkPHP\Library\Think\Model.class.php 第 1807 行.
NOTIC: [8] Undefined variable: where D:\WWW\Ent\ThinkPHP\Library\Think\Model.class.php 第 1810 行.
NOTIC: [8] Undefined variable: where D:\WWW\Ent\ThinkPHP\Library\Think\Model.class.php 第 1818 行.
SQL: SELECT COUNT(*) AS tp_count FROM `ent_notice` LEFT JOIN ent_user u ON uid = u.id  LIMIT 1   [ RunTime:0.0000s ]
NOTIC: [2] Missing argument 1 for Think\Model::where(), called in D:\WWW\Ent\Application\Admin\Controller\IndexController.class.php on line 65 and defined D:\WWW\Ent\ThinkPHP\Library\Think\Model.class.php 第 1799 行.
NOTIC: [8] Undefined variable: where D:\WWW\Ent\ThinkPHP\Library\Think\Model.class.php 第 1807 行.
NOTIC: [8] Undefined variable: where D:\WWW\Ent\ThinkPHP\Library\Think\Model.class.php 第 1810 行.
NOTIC: [8] Undefined variable: where D:\WWW\Ent\ThinkPHP\Library\Think\Model.class.php 第 1818 行.
SQL: SELECT distinct u.fullname,u.role_id,`title`,ent_notice.id,`uid` FROM `ent_notice` LEFT JOIN ent_user u ON uid = u.id  LIMIT 2,2   [ RunTime:0.0010s ]
INFO: [ view_parse ] --START--
INFO: [ template_filter ] --START--
INFO: Run Behavior\ContentReplaceBehavior [ RunTime:0.000000s ]
INFO: [ template_filter ] --END-- [ RunTime:0.000000s ]
NOTIC: [8] Use of undefined constant uid - assumed 'uid' D:\WWW\Ent\Application\Runtime\Cache\Admin\b595b808c2ebeeeb0478ffc30bb4e87a.php 第 56 行.
NOTIC: [8] Undefined index: fullname D:\WWW\Ent\Application\Runtime\Cache\Admin\b595b808c2ebeeeb0478ffc30bb4e87a.php 第 65 行.
NOTIC: [8] Use of undefined constant uid - assumed 'uid' D:\WWW\Ent\Application\Runtime\Cache\Admin\b595b808c2ebeeeb0478ffc30bb4e87a.php 第 80 行.
NOTIC: [8] Use of undefined constant uid - assumed 'uid' D:\WWW\Ent\Application\Runtime\Cache\Admin\b595b808c2ebeeeb0478ffc30bb4e87a.php 第 93 行.
NOTIC: [8] Use of undefined constant uid - assumed 'uid' D:\WWW\Ent\Application\Runtime\Cache\Admin\b595b808c2ebeeeb0478ffc30bb4e87a.php 第 93 行.
NOTIC: [8] Use of undefined constant uid - assumed 'uid' D:\WWW\Ent\Application\Runtime\Cache\Admin\b595b808c2ebeeeb0478ffc30bb4e87a.php 第 93 行.
NOTIC: [8] Use of undefined constant uid - assumed 'uid' D:\WWW\Ent\Application\Runtime\Cache\Admin\b595b808c2ebeeeb0478ffc30bb4e87a.php 第 93 行.
NOTIC: [8] Use of undefined constant uid - assumed 'uid' D:\WWW\Ent\Application\Runtime\Cache\Admin\b595b808c2ebeeeb0478ffc30bb4e87a.php 第 93 行.
NOTIC: [8] Use of undefined constant uid - assumed 'uid' D:\WWW\Ent\Application\Runtime\Cache\Admin\b595b808c2ebeeeb0478ffc30bb4e87a.php 第 93 行.
NOTIC: [8] Use of undefined constant uid - assumed 'uid' D:\WWW\Ent\Application\Runtime\Cache\Admin\b595b808c2ebeeeb0478ffc30bb4e87a.php 第 93 行.
NOTIC: [8] Use of undefined constant uid - assumed 'uid' D:\WWW\Ent\Application\Runtime\Cache\Admin\b595b808c2ebeeeb0478ffc30bb4e87a.php 第 93 行.
NOTIC: [8] Use of undefined constant uid - assumed 'uid' D:\WWW\Ent\Application\Runtime\Cache\Admin\b595b808c2ebeeeb0478ffc30bb4e87a.php 第 93 行.
INFO: Run Behavior\ParseTemplateBehavior [ RunTime:0.018002s ]
INFO: [ view_parse ] --END-- [ RunTime:0.018002s ]
INFO: [ view_filter ] --START--
INFO: Run Behavior\WriteHtmlCacheBehavior [ RunTime:0.001000s ]
INFO: [ view_filter ] --END-- [ RunTime:0.001000s ]
INFO: [ app_end ] --START--
INFO: Run Behavior\ShowPageTraceBehavior [ RunTime:0.001000s ]
INFO: [ app_end ] --END-- [ RunTime:0.001000s ]

[ 2015-10-26T16:10:38+08:00 ] ::1 /ent/index.php/Index/index/p/3
INFO: [ app_init ] --START--
INFO: Run Behavior\BuildLiteBehavior [ RunTime:0.000000s ]
INFO: [ app_init ] --END-- [ RunTime:0.001000s ]
INFO: [ app_begin ] --START--
INFO: Run Behavior\ReadHtmlCacheBehavior [ RunTime:0.001000s ]
INFO: [ app_begin ] --END-- [ RunTime:0.001000s ]
NOTIC: [8] Undefined index: fullname D:\WWW\Ent\Application\Admin\Controller\IndexController.class.php 第 11 行.
SQL: SHOW COLUMNS FROM `ent_user` [ RunTime:0.0050s ]
NOTIC: [8] Undefined index: r D:\WWW\Ent\Application\Admin\Controller\IndexController.class.php 第 21 行.
SQL: SELECT * FROM `ent_user` WHERE `status` = 1  [ RunTime:0.0010s ]
SQL: SHOW COLUMNS FROM `ent_notice` [ RunTime:0.0040s ]
NOTIC: [2] Missing argument 1 for Think\Model::where(), called in D:\WWW\Ent\Application\Admin\Controller\IndexController.class.php on line 61 and defined D:\WWW\Ent\ThinkPHP\Library\Think\Model.class.php 第 1799 行.
NOTIC: [8] Undefined variable: where D:\WWW\Ent\ThinkPHP\Library\Think\Model.class.php 第 1807 行.
NOTIC: [8] Undefined variable: where D:\WWW\Ent\ThinkPHP\Library\Think\Model.class.php 第 1810 行.
NOTIC: [8] Undefined variable: where D:\WWW\Ent\ThinkPHP\Library\Think\Model.class.php 第 1818 行.
SQL: SELECT COUNT(*) AS tp_count FROM `ent_notice` LEFT JOIN ent_user u ON uid = u.id  LIMIT 1   [ RunTime:0.0000s ]
NOTIC: [2] Missing argument 1 for Think\Model::where(), called in D:\WWW\Ent\Application\Admin\Controller\IndexController.class.php on line 65 and defined D:\WWW\Ent\ThinkPHP\Library\Think\Model.class.php 第 1799 行.
NOTIC: [8] Undefined variable: where D:\WWW\Ent\ThinkPHP\Library\Think\Model.class.php 第 1807 行.
NOTIC: [8] Undefined variable: where D:\WWW\Ent\ThinkPHP\Library\Think\Model.class.php 第 1810 行.
NOTIC: [8] Undefined variable: where D:\WWW\Ent\ThinkPHP\Library\Think\Model.class.php 第 1818 行.
SQL: SELECT distinct u.fullname,u.role_id,`title`,ent_notice.id,`uid` FROM `ent_notice` LEFT JOIN ent_user u ON uid = u.id  LIMIT 4,2   [ RunTime:0.0010s ]
INFO: [ view_parse ] --START--
INFO: [ template_filter ] --START--
INFO: Run Behavior\ContentReplaceBehavior [ RunTime:0.000000s ]
INFO: [ template_filter ] --END-- [ RunTime:0.000000s ]
NOTIC: [8] Use of undefined constant uid - assumed 'uid' D:\WWW\Ent\Application\Runtime\Cache\Admin\b595b808c2ebeeeb0478ffc30bb4e87a.php 第 56 行.
NOTIC: [8] Undefined index: fullname D:\WWW\Ent\Application\Runtime\Cache\Admin\b595b808c2ebeeeb0478ffc30bb4e87a.php 第 65 行.
NOTIC: [8] Use of undefined constant uid - assumed 'uid' D:\WWW\Ent\Application\Runtime\Cache\Admin\b595b808c2ebeeeb0478ffc30bb4e87a.php 第 80 行.
NOTIC: [8] Use of undefined constant uid - assumed 'uid' D:\WWW\Ent\Application\Runtime\Cache\Admin\b595b808c2ebeeeb0478ffc30bb4e87a.php 第 93 行.
NOTIC: [8] Use of undefined constant uid - assumed 'uid' D:\WWW\Ent\Application\Runtime\Cache\Admin\b595b808c2ebeeeb0478ffc30bb4e87a.php 第 93 行.
NOTIC: [8] Use of undefined constant uid - assumed 'uid' D:\WWW\Ent\Application\Runtime\Cache\Admin\b595b808c2ebeeeb0478ffc30bb4e87a.php 第 93 行.
NOTIC: [8] Use of undefined constant uid - assumed 'uid' D:\WWW\Ent\Application\Runtime\Cache\Admin\b595b808c2ebeeeb0478ffc30bb4e87a.php 第 93 行.
NOTIC: [8] Use of undefined constant uid - assumed 'uid' D:\WWW\Ent\Application\Runtime\Cache\Admin\b595b808c2ebeeeb0478ffc30bb4e87a.php 第 93 行.
NOTIC: [8] Use of undefined constant uid - assumed 'uid' D:\WWW\Ent\Application\Runtime\Cache\Admin\b595b808c2ebeeeb0478ffc30bb4e87a.php 第 93 行.
NOTIC: [8] Use of undefined constant uid - assumed 'uid' D:\WWW\Ent\Application\Runtime\Cache\Admin\b595b808c2ebeeeb0478ffc30bb4e87a.php 第 93 行.
NOTIC: [8] Use of undefined constant uid - assumed 'uid' D:\WWW\Ent\Application\Runtime\Cache\Admin\b595b808c2ebeeeb0478ffc30bb4e87a.php 第 93 行.
NOTIC: [8] Use of undefined constant uid - assumed 'uid' D:\WWW\Ent\Application\Runtime\Cache\Admin\b595b808c2ebeeeb0478ffc30bb4e87a.php 第 93 行.
INFO: Run Behavior\ParseTemplateBehavior [ RunTime:0.016001s ]
INFO: [ view_parse ] --END-- [ RunTime:0.016001s ]
INFO: [ view_filter ] --START--
INFO: Run Behavior\WriteHtmlCacheBehavior [ RunTime:0.001000s ]
INFO: [ view_filter ] --END-- [ RunTime:0.001000s ]
INFO: [ app_end ] --START--
INFO: Run Behavior\ShowPageTraceBehavior [ RunTime:0.001000s ]
INFO: [ app_end ] --END-- [ RunTime:0.001000s ]

